(INFO) Reading coverage data...
(INFO) Writing coverage report...
------------------------------------------------------------------------------
                           GCC Code Coverage Report
Directory: .
------------------------------------------------------------------------------
File                                       Lines    Exec  Cover   Missing
------------------------------------------------------------------------------
build/CMakeFiles/3.31.6/CompilerIdCXX/CMakeCXXCompilerId.cpp
                                               9       0     0%   894,896-899,901,915-916,918
build/src/ackermannization/ackermannization_params.hpp
                                               6       3    50%   10-12
build/src/ackermannization/ackermannize_bv_tactic_params.hpp
                                               6       6   100%
build/src/api/api_commands.cpp              5687       0     0%   4-11,13-20,22-2672,2674-2684,2686-2688,2690-3521,3523-5696
build/src/api/api_log_macros.cpp            5333       0     0%   5-3573,3575-3581,3585-3590,3592-3597,3599-3604,3606-3611,3613-3618,3620-3625,3627-3632,3634-5348
build/src/api/api_log_macros.h                 1       1   100%
build/src/api/dll/gparams_register_modules.cpp
                                              58      58   100%
build/src/api/dll/install_tactic.cpp         186     186   100%
build/src/api/dll/mem_initializer.cpp         16      16   100%
build/src/ast/normal_forms/nnf_params.hpp
                                              12      12   100%
build/src/ast/pp_params.hpp                   39      37    94%   39,50
build/src/math/lp/lp_params_helper.hpp        17       8    47%   10-18
build/src/math/polynomial/algebraic_params.hpp
                                              16      16   100%
build/src/math/realclosure/rcf_params.hpp
                                              16       0     0%   8-17,22-27
build/src/model/model_evaluator_params.hpp
                                              14       7    50%   10-16
build/src/model/model_params.hpp              17      17   100%
build/src/muz/base/fp_params.hpp             235     215    91%   137,139,143-144,150-153,163-165,171,185-186,190,193,200,221,230-231
build/src/nlsat/nlsat_params.hpp              39      39   100%
build/src/opt/opt_params.hpp                  58      57    98%   66
build/src/params/arith_rewriter_params.hpp
                                              30      30   100%
build/src/params/array_rewriter_params.hpp
                                              16      16   100%
build/src/params/bool_rewriter_params.hpp
                                              23      23   100%
build/src/params/bv_rewriter_params.hpp       28      28   100%
build/src/params/fpa2bv_rewriter_params.hpp
                                               6       6   100%
build/src/params/fpa_rewriter_params.hpp       6       6   100%
build/src/params/pattern_inference_params_helper.hpp
                                              24      12    50%   10-21
build/src/params/poly_rewriter_params.hpp
                                              14      14   100%
build/src/params/rewriter_params.hpp          24      24   100%
build/src/params/sat_params.hpp              197     193    98%   176-179
build/src/params/seq_rewriter_params.hpp       6       6   100%
build/src/params/sls_params.hpp               63       0     0%   8-42,48,50-68,70-77
build/src/params/smt_params_helper.hpp       265     264    99%   219
build/src/params/solver_params.hpp            28      25    89%   36,38-39
build/src/params/tactic_params.hpp            25      24    96%   36
build/src/parsers/util/parser_params.hpp      10      10   100%
build/src/sat/sat_asymm_branch_params.hpp
                                              16      16   100%
build/src/sat/sat_scc_params.hpp               8       8   100%
build/src/sat/sat_simplifier_params.hpp       61      61   100%
build/src/shell/gparams_register_modules.cpp
                                              58      58   100%
build/src/shell/install_tactic.cpp           186     186   100%
build/src/shell/mem_initializer.cpp           16      16   100%
build/src/solver/combined_solver_params.hpp
                                              10      10   100%
build/src/solver/parallel_params.hpp          24      22    91%   28-29
build/src/tactic/smtlogics/qfufbv_tactic_params.hpp
                                               8       4    50%   10-13
build/src/test/gparams_register_modules.cpp
                                              58      58   100%
build/src/test/install_tactic.cpp            186     186   100%
build/src/test/mem_initializer.cpp            16       8    50%   17-24
src/ackermannization/ackermannize_bv_model_converter.cpp
                                               2       2   100%
src/ackermannization/ackermannize_bv_tactic.cpp
                                              45      40    88%   32,70-72,80
src/ackermannization/ackr_bound_probe.cpp
                                              30       2     6%   39,41-43,45-46,48,50-52,54-59,63-74
src/ackermannization/ackr_helper.cpp           9       7    77%   26-27
src/ackermannization/ackr_helper.h            73      52    71%   57-60,62,64,74-77,80,88-90,93,119-124
src/ackermannization/ackr_info.h              50      49    98%   86
src/ackermannization/ackr_model_converter.cpp
                                             115      80    69%   43,62-64,70-75,114,126,130,134-139,142-145,147-158
src/ackermannization/lackr.cpp               220     176    80%   56,63,74,79,115-116,153-154,194-197,199-201,233,243-254,256-259,261-262,264-265,267-268,286-288,298,306-307
src/ackermannization/lackr.h                   8       7    87%   74
src/ackermannization/lackr_model_constructor.cpp
                                             207       0     0%   28,32-42,48-56,60-65,67-71,73-76,79-81,84-88,90,92,94-103,132-136,142-145,147-151,154,156-157,159-165,168-169,171-172,175-176,178,180-183,185-186,188-193,196-203,205,207,210-212,214-217,219-220,222,225,227-228,233-241,244,248-252,255-264,266,270-275,277-280,283-287,290-293,296-303,307,309,312-318,341,344-350,352-354,356-363,365-368
src/ackermannization/lackr_model_constructor.h
                                              10       0     0%   32-34,41-47
src/ackermannization/lackr_model_converter_lazy.cpp
                                              20       0     0%   25,27-29,31-37,39,43-45,48-50,57,59
src/api/api_algebraic.cpp                    258       0     0%   44-45,48-49,52-53,56-57,60-65,67-69,74-79,82,84-88,90-91,94-95,98-99,102,104-112,114-117,119-120,161,163-169,171,173-179,181,183-189,191,193-204,206,208-224,226-227,229-233,235,237-246,248-249,251-255,289,291-297,299-300,303-304,307-308,311,313-319,321-322,325-335,337,339-341,346-349,352,354-363,365-369,371,373-386,388,390-399,401-405,408-418,420,422-434,436-438,440,442-449
src/api/api_arith.cpp                        170      66    38%   56-58,65,67-77,93-94,108,110-124,126-129,136-138,158-161,163,165-179,181,183-197,199,201-213,215,217-229
src/api/api_array.cpp                        282      97    34%   37,39-48,63-65,76,78-103,121-123,134,136-163,166,168-176,178-189,210,212-215,217-223,244,256,258-263,266-271,273,275-283,285-286,293-294,297-300,303,305-310,312-314,316,318-328,330,332-342,344,346-356
src/api/api_ast.cpp                         1176     372    31%   50,52-56,58-61,69,77-79,92,94-100,102-104,107-109,149-150,159-160,166-167,170-171,175-176,194-204,223,226-232,234-237,239-242,250-251,311-313,316-318,321-323,334-338,340-344,346,348-352,363,365-369,371-374,382,404-406,408,413-417,419-423,432-437,439-444,446-451,457-459,473-475,479,497,499-504,506-525,527-528,536-537,541-542,548,550-555,557-560,562-564,566,568-573,575-578,580-582,584,586-600,602,604-618,620,622-636,638,640-645,647-650,652-654,657,659-665,686,688-693,695,697-710,729,743-744,746-747,749-750,752-753,755-756,758-759,761-762,764-765,767-768,770-771,774,778,780-791,813-815,827-830,832,834-842,856,858-863,865-868,870,872,875-877,879,881,884,886-889,906-908,924,930-935,937-941,943-949,951-965,967,970-979,981-996,998-999,1001,1003-1007,1009,1014-1024,1040-1041,1046-1047,1056-1057,1080-1081,1094,1100-1102,1104-1108,1110-1151,1153,1156-1176,1178,1181-1196,1198,1202-1211,1214-1276,1278,1281-1287,1289,1292-1308,1310,1314-1336,1338-1350,1352-1355,1357-1360,1362-1373,1375-1379,1381,1385-1392,1394,1398-1443,1446,1450-1453,1455,1459-1466,1470-1471,1473,1477,1479-1484,1486-1488,1490-1493,1501-1503
src/api/api_ast_map.cpp                      111       0     0%   26-28,32,34-41,43,45-49,51,53-57,59,61-65,67,69-75,77-78,80-81,83,85-89,91-94,97-99,101-102,104,106-111,113,115-125,127,129-133,135,137-149,151,153-166
src/api/api_ast_map.h                          4       0     0%   26,30-32
src/api/api_ast_vector.cpp                    89      75    84%   67-69,76,78-82,84-86,109-110
src/api/api_ast_vector.h                       4       4   100%
src/api/api_bv.cpp                           290      63    21%   40-41,52,54,67-68,104-105,108,110,112-127,129-139,141-149,159,161,163-166,168-177,179-180,183,185-204,207-221,223-224,227,229,233-255,258,260,265-288,290,292-293,297-310,313,315-316,318-323,325,327,330-333,336,338-345,348,350-371,389,391-395,397-400
src/api/api_config_params.cpp                 68      25    36%   39-40,43-48,50-53,55-58,62-65,67,69-76,87-89,102,109-110,113,115-118,120-122
src/api/api_context.cpp                      342     200    58%   56,59-61,74-76,92-103,105-106,110-112,156,165,169-170,173,188-194,227,229-239,241,245,247-248,250,252-253,255-257,259,293,295-296,298-299,301-302,304-305,307-308,310,326,328-337,339,344,346-347,355-360,400,402-405,407,409-412,414-417,433-435,455-456,458,460-462,464-466,468-471,473-477,494-496,504-505,508-517
src/api/api_context.h                         40      28    70%   143-144,153,155,158,160,168,172,174,244-245,263
src/api/api_datalog.cpp                      486       0     0%   48-53,55-86,88-114,116,118,120,122,124-125,127-134,136-137,139-143,154,156-161,163-165,167,169-190,192,194-200,202,204-208,210-211,214-219,221,223-231,233,235-239,241,243-248,250,252-257,259,261-266,268,271-275,277,279-284,286-290,292-293,295-302,304,308-313,315,317-318,320-327,329,331-337,339,341-345,347,353-358,360,364-371,374-377,379-380,382-386,389-390,392,397-401,403,408-416,419,421-429,431,433-436,438,445-452,455,460-465,467-469,471-472,474-476,478,483-493,495,499-501,503,507-509,511,514-516,519,521-526,528,530-534,536,538-544,546,548-552,554,556-564,566,568-576,578,580-588,590,597-600,602-603,605-607,609,611-615,617-620,622-623,625-632,634,636-642,644,649-654,656-662,664,669-675,677-685,687,689-693,695,697-703
src/api/api_datalog.h                          5       0     0%   39-40,43-45
src/api/api_datatype.cpp                     450     255    56%   59-61,108-110,129-131,177-179,244,246-251,253-256,270-271,278-279,324,349-351,426-427,446,448-454,456,458-462,464-466,468-470,472-479,481-484,486-489,491,493-498,500,502-505,507-521,523,525-528,530-537,539-554,556,558-569,571,573-579,581-584,586-589,591,593-615,617,620-635
src/api/api_fpa.cpp                         1090       0     0%   24-25,28-29,32-33,36-37,42,44-51,53,55-62,64,66-73,75,77-84,86,88-95,97,99-106,108,110-117,119,121-128,130,132-139,141,143-150,152,154-161,164,166-176,178-179,182-183,186-187,190-191,194-195,198-199,202-203,206-207,210,212-224,226,228-241,243,245-258,260,262-273,275,277-293,295,297-310,312,314-330,332,334-350,352,354-370,372,374-385,387,389-400,402,404-415,417,419-430,432,434-445,447,449-460,462,464-475,477,479-490,492,494-505,507,509-520,522,524-535,537,539-550,552,554-565,567,569-580,582,584-595,597,599-610,612,614-625,627,629-640,642,644-655,657,659-670,672,674-685,687,689-700,702,704-715,717,719-730,733,735-746,748-752,754,756-764,766-770,772,774-782,784-788,790,792-800,802-806,808,810-818,820-824,826,828-839,841,843-854,856,858-869,871,873-879,881-883,885,887-893,895-897,899,901-907,909-916,918-922,924-927,929,931-949,952-953,955-959,961,963-992,994,996-1009,1011-1015,1017-1027,1029,1031-1037,1039-1049,1051-1059,1061-1064,1066,1068-1080,1082-1086,1088,1090-1094,1096-1099,1101-1105,1107,1109-1115,1117-1126,1128-1133,1135-1140,1142-1145,1147-1149,1151,1153-1172,1174-1178,1180-1183,1185-1189,1191,1193-1206,1208,1210-1219,1221-1225,1227,1229-1235,1237-1239,1241,1243-1249,1251-1253,1255,1257-1263,1265-1267,1269,1271-1277,1279-1281,1283,1285-1291,1293-1295,1297,1299-1305,1307-1309,1311,1313-1319,1321-1323
src/api/api_goal.cpp                         150      75    50%   32-34,59,61-67,69-70,72-73,84,86-90,92,94-98,121-123,130,132-136,138,140-144,146,148-152,164,171,173-182,198,200-207,209-214
src/api/api_goal.h                             4       4   100%
src/api/api_log.cpp                           83       3     3%   37-39,41-43,45-47,51-60,62-68,70,72,76-89,91,93-100,105,108-114,117,121,123-128,130-131,134-135,138-140,142-144,146,148-149
src/api/api_model.cpp                        330     102    30%   69-70,76,78-82,84,86-98,117,119-120,134-139,141-142,144,146-151,172,174-178,180,182-191,193,195-205,207-209,211,213-221,223,225-229,231,233-237,239-240,242-243,245,247-259,267-268,276,278-284,286,288-294,296,298-303,305,307-320,322,324-333,335,337-338,340-342,344,346-351,353,355,359-363,366-369,371,373-379,381,383-389,391,393-399,401,403-407,409,411-420
src/api/api_model.h                           12       4    33%   35,38-40,46,49-51
src/api/api_numeral.cpp                      329      67    20%   55-56,58-60,69-75,81-86,99,105,107-115,122-123,130,132-141,143,145-156,158,161-165,168-169,172-174,176-178,181,184-193,195-196,198,200,202,205-211,214-215,217-218,220,223,226,229,231,233,237-238,241-242,244-246,252-253,259-262,264,271-272,275,277-284,286-306,309-310,312-313,315,318-323,325-333,336,338-342,345,348-353,356-358,360-362,364,367-372,375-377,379-381,383,386-391,393-398,400-402,404,407-412,414-418,420-422,424,427-432,434-437,439-444,446-448,450,452-461
src/api/api_opt.cpp                          330     140    42%   83,85-91,93,95-101,123,125-129,131,133-137,145-147,149,166-172,174,176,183,185-192,194-196,199,201-205,207,209-218,220,222-225,238,240-248,262,264-270,273,275-284,287,289-298,308,310-318,320,322-331,340-341,343,345-346,348,350-351,353,361-363,367-369,371,377,385,391-394,404-407,442-447,449,457,459-465,467,469-473,475-478,480-482
src/api/api_params.cpp                       131      93    71%   76,78-83,88,90-95,113,115-121,123,125-129,155-159,177-178,191-193
src/api/api_parsers.cpp                      168      69    41%   42-51,54-55,57,59-66,68,70-74,76,78-82,84-87,89-94,97,99-105,107,109-116,118,120-127,146-151,154,162,164-170,195,216,224-229,231-234,263-265
src/api/api_pb.cpp                            64       0     0%   26,29-38,40,43-52,54,58-70,72,76-88,90,94-106
src/api/api_polynomial.cpp                    33       0     0%   31,33-42,44-51,54-67
src/api/api_polynomial.h                       2       1    50%   31
src/api/api_qe.cpp                           112       0     0%   35-38,40-43,45,52-53,55-59,61-65,67-69,71,79-80,82-86,88-91,93-94,96,98-102,105-107,109,117-118,120-124,126-130,132-135,137,139-142,145-147,149,154-155,157-160,162,164-166,168-170,172,175-177,179-186,189-190,192-194,197-200,202,204-207
src/api/api_quant.cpp                        362      98    27%   65-66,69-70,77-79,81,100,126,132,144,150-156,158-167,169,174-179,181-191,193-197,220-222,224-226,230-232,238-240,246-257,260-270,320,322-334,346,348-352,354,356-360,362,364-368,371,373-377,380-381,383-384,386,388-392,395-396,398-399,401,403-407,410-411,413-414,416,418-422,425-426,428-429,431,433-439,441-442,444-445,448,450-454,457-458,460-461,463,465-471,473-474,476-477,479,481-485,488-489,491-492,494,496-502,504-505,507-508,510,512-518,520-521,523-524,526,528-531,533,536-537,539-540,542,544-548,551-552,554-555,557,559-565,567-568,570-571,573-575,578-579
src/api/api_rcf.cpp                          322       0     0%   27-28,31,33,35-36,39-40,45,47-52,54,56-65,67,69-76,78,80-87,89,91-98,100,102-109,111,113-123,125-126,128-137,139,141-148,150,152-159,161,163-170,172,174-181,183,185-192,194,196-203,205,207-214,216,218-223,225,227-232,234,236-241,243,245-250,252,254-259,261,263-268,270,272-279,281,283-290,292,294-303,305,307-312,314,316-321,323,325-330,332,334-339,341,343-348,350,352-357,359,361-366,368,371-376,378,381-386,388,390-399,401,404-409,411,414-419,421,424-429,431,434-439
src/api/api_seq.cpp                          253      73    28%   27,29-35,37,39-45,71,73-80,82,84-90,102,104-110,128,130-139,141,143-152,154,156-160,163,165-169,185-186,192,194-199,201-203,205-220,222-223,225-226,228-229,231,233-237,245-246,257-258,261-262,282,284-292,294-297,299-302,304-307,310,312-318,320,322-328,331-339,341-343,345-349,351-354
src/api/api_solver.cpp                       914     317    34%   52-56,58-64,66-70,72-77,79-82,84-95,97-106,108-111,113-115,117-120,122,129-132,150,172-179,206,208-215,217-221,223-224,244,246-250,253-255,257-271,274,276-291,294,296-300,314-316,325,332,336-343,345-356,369-370,377,379-388,390,392-393,395,397-411,413,415-429,440-441,443-454,459,492-494,502-503,522,524-529,569,571-578,580-582,584,586-593,595-597,599,601-606,608-620,622,624-631,633-635,643-644,667-673,675-678,713-715,727,729-740,764-768,780,782-787,789,791-803,816,818-825,857-859,866-868,888-893,895,899-900,908,910-916,918,921-926,928-930,932-933,935-938,940-946,948-950,952-954,956,958-964,966,968-974,976,978-985,987,989-1008,1010-1011,1016-1017,1022-1023,1026,1032-1044,1046-1049,1051-1057,1059,1067-1080,1082,1087-1091,1093,1098-1102,1104,1109-1113,1115,1120-1124,1126,1128-1132,1134,1136-1140,1142,1144-1151,1153,1155-1159,1161,1163-1167,1169,1171-1175,1177,1179-1183,1185,1187-1198,1200,1202-1207,1209-1212,1214-1216
src/api/api_solver.h                           7       5    71%   55-56
src/api/api_special_relations.cpp              5       0     0%   42-45,63
src/api/api_stats.cpp                         83       0     0%   25,27-31,33-37,39,41-45,47,49-54,56,58-62,64,66-70,72-74,76,78-82,84-86,88,90-94,96-98,100,102-106,108-110,112-114,116,118-122,124-126,128-130,132-133
src/api/api_stats.h                            4       0     0%   25,28-30
src/api/api_tactic.cpp                       489     182    37%   64-68,96-98,138,140-149,151,153-158,160,162-167,169,171-176,196,198-203,205,207-212,223,225-230,254,256-261,272,274-279,281,283-288,290,292-297,299,301-306,308,310-315,317,319-324,326,328-332,334,336-340,342-344,346,348-352,354,356-360,362-364,366,368-376,378,380-388,390,392-397,399-401,403,405-410,412-414,463,465-474,520-522,533,535-547,549,551-555,557,559-563,565,567-571,573,575-579,581-583,585,587-595,597-599,601,603-622,625,627-639,641,643-655,657,659-664,666-668
src/api/api_tactic.h                          14      10    71%   41,48-50
src/api/api_util.h                            30      27    90%   78,83-84
src/api/z3_replayer.cpp                      516       0     0%   32-35,55-68,70,73-76,78-85,99-105,115-121,123-124,126-127,129-130,132-133,135-136,138-139,141-142,144-145,149-150,152-153,155,157-162,164-166,168-176,178-179,181-191,193,195-197,199-205,208-209,212,214-216,218-221,223-239,241,244-246,248-257,259,262,264-265,269,271,275-279,281-283,285-286,288-292,294-296,298-299,301-304,306-319,321,323,325,327,329-338,340,343,345-348,351-383,389-396,398,400-402,406-411,418-422,425-426,429-432,435-439,441-445,447,451-455,459-462,465-468,472-476,480-483,486-489,492-495,498-501,507-514,516-517,520-524,526-528,530-531,533-534,536-538,543-546,550-555,560-570,574-577,579-580,584,586-588,591-593,596-598,601-603,606-609,612-614,617-619,622-624,627-629,632-635,638-641,644-647,650-653,656-660,662,665-667,670-672,675-677,680-682,685-687,690-692,695-697,699-702,704-706,708-715,720-723,725-727,729-730,733-734,737-738,741-742,745-746,749-750,753-754,757-758,761-762,765-766,769-770,773-774,777-778,781-782,785-786,789-790,793-794,797-798,801-802,805-806,809-810,813-814,817-818,821-822,825-826
src/ast/act_cache.cpp                        112      87    77%   88-92,125-127,162,164-165,168-171,173,214-220,222-223
src/ast/act_cache.h                            6       6   100%
src/ast/arith_decl_plugin.cpp                722     604    83%   83,92-94,113-116,344,360,370,382-383,385-387,389,396-398,402-404,406,419,471-473,476-477,479-480,489,508-513,515-518,524,530-531,533-534,537-540,555,561-562,564-565,568-572,659,663,692,710,718,725-727,762,785,795-796,799-800,802,804-805,807-808,810-811,813-814,825-826,831-832,843-845,848-850,853-855,882-883,890-893,926-927,929,948-949,962,972-973,978-981,986,991
src/ast/arith_decl_plugin.h                  254     185    72%   241-248,296,302,312,314,316,318,350-351,365,368,372,375,405,453,456,462-464,475-477,481,487,499,501,503-506,515-517,526-527,565-567,570-572,575-577,579-581,613-615,622-624,630-632,634-636,652-654
src/ast/array_decl_plugin.cpp                476     318    66%   49,57,63,70-71,125,129,144-147,149,151,162-164,166,168-171,173,176-179,181,184-187,189,216,223,228,240,248-250,259,274,281,286-289,292,297,303-305,308,318,324,338-340,342,344-346,348,354,359,364,370,375,380,391,393-394,397-398,400-406,408-410,413-414,416-418,420-422,425-426,428-430,432-434,437-438,440-443,445-447,451-453,455-458,460-462,465,509,516,525,528-529,537,539,541,543,545,547,553,557,564,615,667-675,686-697,699,701-702
src/ast/array_decl_plugin.h                  100      51    51%   36-37,40-41,44-45,167-168,170-173,179,189,216,235-236,243-245,248-250,257-258,261-262,265-266,274-280,283-284,291-292,298-299,302-303,310-311,314-315,333
src/ast/array_peq.cpp                         70       6     8%   33,35-37,39-42,44-57,59-65,67-70,72,74-81,83-85,87-89,91-95,97-107
src/ast/array_peq.h                            6       0     0%   37,54,56,58-60
src/ast/ast.cpp                             2526    1951    77%   95,105,107-110,112-113,117-124,200-207,216-220,227-229,266-279,290-291,388-389,406-408,418,421,426,473-475,522,545-547,649-653,655-657,659,661,667,671,674-675,728,757-758,781,789-790,794,796,799,809,814-819,823-824,956-957,986,1021,1023,1033-1034,1039,1063,1066,1068-1069,1071-1072,1074,1105,1116,1135-1137,1144,1148-1149,1152,1159,1164,1179-1181,1189,1197-1199,1206,1239,1241-1242,1255-1259,1285,1287,1298,1302,1316,1357-1361,1363-1369,1390-1394,1396-1400,1403-1409,1412-1414,1416-1417,1419-1424,1427-1429,1431-1434,1442-1445,1469,1473-1479,1481-1482,1484-1487,1495,1503,1551,1553-1555,1557-1558,1561,1563,1565-1569,1571,1632-1637,1641,1657-1661,1664,1666,1670,1672-1674,1703-1707,1776-1777,1783,1800,1839,1843-1845,1872,1875-1876,1886,1894,1902,1981,1983-1988,2003-2009,2013,2025-2030,2035,2041-2046,2059,2082,2084-2086,2094,2112,2132-2134,2136,2176,2178,2226-2232,2235-2236,2268,2285,2300,2304,2308-2313,2315-2320,2367-2368,2386,2395-2397,2399-2400,2402-2403,2405-2412,2422,2446-2452,2455,2466-2467,2485,2488,2563,2580,2595-2596,2601,2603,2630-2634,2653-2656,2661,2663,2684,2690-2694,2696-2703,2705-2706,2712-2715,2722-2725,2727,2746-2748,2751-2753,2765,2767-2769,2831,2847,2869,2875,2877,2889-2890,2893-2894,2897-2902,2907,2909,2960-2966,2968-2969,2978-2982,2984-2991,2995,2999-3003,3007,3013,3019,3028-3034,3036,3038-3039,3041-3042,3047,3071-3075,3154-3155,3212,3219-3220,3222-3225,3227-3231,3236,3245,3255,3265,3273,3284,3306-3307,3310-3311,3314-3315,3318-3319,3339,3369-3371,3391,3397-3398,3400-3408,3410-3420,3422-3425,3427,3429-3430,3464-3467,3469-3474,3476-3480,3482-3484,3486-3494,3496-3500,3506-3508,3510-3512
src/ast/ast.h                                764     705    92%   132,163,170,192,329-330,434,700-701,703-705,743,752,947,1083,1115-1116,1236-1237,1288,1324,1355,1500,1654,1730,1749,1753,1804,1826-1827,1851-1853,1882-1883,1934-1935,1992-1995,1998,2000,2085,2184,2195,2203,2215-2217,2219,2273,2279,2283,2289,2455,2588,2593
src/ast/ast_ll_pp.cpp                        252     157    62%   61-64,69-70,87-88,106-108,124-126,148-149,162-163,165-170,172-186,188,191-196,212-214,226,231-233,255-277,279,281-286,290-291,294-297,322,326,335-338
src/ast/ast_ll_pp.h                            8       4    50%   34,37-39
src/ast/ast_lt.cpp                            90      73    81%   75-76,92-95,106-107,125-126,132-134,136-137,154,157
src/ast/ast_lt.h                               4       4   100%
src/ast/ast_pp.h                              16       6    37%   58-62,64-68
src/ast/ast_pp_dot.cpp                        78       0     0%   12,14-18,20,22-23,39-47,49,51,53-59,61-62,64,68,71-76,78-81,83-85,87-94,96-98,100-105,107,110-116,122-129,131
src/ast/ast_pp_dot.h                           2       0     0%   18,21
src/ast/ast_pp_util.cpp                      152      39    25%   44,59-61,63,67-76,78-87,89-91,93-96,98-102,104-106,108-112,114-118,129-133,135,138-144,146-156,158-160,162-163,165-172,174-180,182-194,196-199,201-202
src/ast/ast_pp_util.h                          2       2   100%
src/ast/ast_printer.cpp                       25      16    64%   33-35,37,45-47,55-56
src/ast/ast_printer.h                         17       1     5%   28-43
src/ast/ast_smt2_pp.cpp                     1071     906    84%   51-52,79,86,121-123,147-159,161,163-165,167-168,252-253,256-257,264-265,278,397,427-434,445-450,523,525,558,570,575,611,692-693,733-734,754-756,820,829,875-877,879-881,891-895,918-919,946-947,969-974,986,1041-1042,1062-1063,1110-1111,1130-1131,1167-1169,1171,1173-1176,1178-1184,1186-1187,1189-1192,1277,1282-1283,1297,1311-1318,1344-1345,1359-1367,1372,1376,1378-1380,1384,1392-1396,1398-1402,1408,1410-1414,1420-1425
src/ast/ast_smt2_pp.h                         12      11    91%   146
src/ast/ast_smt_pp.cpp                       745     462    62%   55,58,71-72,74-75,80-81,94-97,99,101,109,111,139-140,142-151,205-208,211-212,224-225,231-232,234-235,237-238,259-260,282-283,288,370-374,380-384,390-391,402-403,405-409,411-414,416-417,420-421,428-430,432,434-436,438-440,442-444,446,448-456,459-462,464,468-476,478-479,493-496,498-500,502-503,505-509,511-520,522-524,526-528,530-531,533-535,541,543,545-551,553-554,556-562,570-574,576-582,584-588,590,592,606-607,612-613,615-616,634,638,642,655,658-659,663,665-666,672-673,675-676,683,689,698,710-711,759,766-767,769-770,800,806,858-861,866-869,913-920,922-931,933-934,936,938-943,954,957,962-963,968-969,974-975,977-978,980-981,1007,1011-1013,1019-1023,1026-1030,1041-1045,1047
src/ast/ast_smt_pp.h                          18       9    50%   74,78,93-94,97-101
src/ast/ast_trail.h                           25       4    16%   39-40,43-48,50-55,62-65,67-69
src/ast/ast_translation.cpp                  280     184    65%   32-38,70-74,112-116,130-132,164-166,193-197,219-221,232-238,246-257,282-284,286-287,289-292,294-315,337,350-351,361-372
src/ast/ast_translation.h                     35      30    85%   124-128
src/ast/ast_util.cpp                         321     224    69%   24-33,35,38-39,41,43-47,50-58,60-66,68-86,88,90,93-94,99,101,170-171,183-184,212,222,233-240,242-243,246,248,250,252,254-256,296-299,380-382,394-396,400-401,416,418
src/ast/ast_util.h                            30      27    90%   105,110,140
src/ast/bv_decl_plugin.cpp                   735     576    78%   155,176-178,183,209,221,226,232,244,251,262,264,266,268-269,273-277,279-280,282-283,285-290,302,315,330,336,345,347,349,375-384,390-391,401,413,425,441,449,457-458,461,467,472,487,500,505,516,525,528,531,534,537,543,547,552-554,556,559-562,565-566,577,580,585,590,595,600,602,607,609,614,616,618,622,637,640,652,662,669,675-677,679,723,828-829,874,880-882,884-886,896-902,909-915,927,953-956,965-969,971,973-981,983-986,988-991,993-996
src/ast/bv_decl_plugin.h                     180      93    51%   303,353,355,359,361,367,377-384,393-394,400-401,417-418,424-432,438,441,447,454,456,459-461,481,483,498,504,509,513-514,523,534,539-541,544-545,563-564,569-571,581,586-589,591-593,595-614,617-619
src/ast/char_decl_plugin.cpp                 125      77    61%   26,39,41,43,46,50,52,54,56,58,61,63-66,68-69,71,73-78,80-82,84,86-92,94,96,100,102,106,109-111,159-160,170,173,175
src/ast/char_decl_plugin.h                    16      15    93%   82
src/ast/converters/converter.h                23      18    78%   40,61-64
src/ast/converters/equiv_proof_converter.cpp
                                              12       0     0%   24-35
src/ast/converters/expr_inverter.cpp         596       0     0%   30,33-36,38,40-42,44-46,48-49,53,55,87-89,91-96,98-102,104-108,110,112-116,118,120-123,125,127-130,132,134-135,137,140,142-145,153,155,157,160-168,170,172-173,176-179,181-183,185-190,192-201,203-204,206-207,209-210,212-220,224-233,235-236,239-241,243,245,247-248,250-251,253,255,258-262,268-270,272-277,279-288,290-291,293-294,296-297,299-307,311-320,330-337,339-341,343-348,364-365,368-378,380-389,391-399,401-402,404,406-419,421-423,425-433,435,437-438,442-444,446-453,455-456,459-461,463-471,473-480,482-489,491-492,495,497,538-540,542,544,549-550,552-553,555-556,558,560-561,563-564,566-571,573,575-580,582,586,588,590,592-595,614,616,618-620,622-627,629,631-637,639,641,643,645-653,658-670,679,681,686-692,694-703,705-712,714,717-726,728-732,734-737,739-745,831,833,835-836,841-851,854-862,865,867-874,877-880,882,884-892,894-901,903-904,907,909-912,914-915,920-923,926-931,938-942,944-952,954-961,964-973,975,978-980,982-984,986-988,990-992,994-997,1001-1003,1005,1007-1008,1011-1014,1016-1020,1022-1027,1029-1034
src/ast/converters/expr_inverter.h             9       0     0%   27,29,32,37-41,59
src/ast/converters/generic_model_converter.cpp
                                             165      79    47%   63,71-74,80,97,132,137-140,142,144-146,149,152,157-163,165-168,170,174-176,179,196-201,203-205,207-212,214-217,219-235,238,256-268,270,272
src/ast/converters/generic_model_converter.h
                                              11       8    72%   57,71,73
src/ast/converters/horn_subsume_model_converter.cpp
                                             135      93    68%   50,61-62,84-85,103-105,119,123,125-127,130-132,134,136,138,141,143,154-157,159-161,163,197-203,221-226
src/ast/converters/horn_subsume_model_converter.h
                                               8       6    75%   79,81
src/ast/converters/model_converter.cpp       120      96    80%   28,47,61,63-68,78-81,101-104,112,143-144,155,157,159-160
src/ast/converters/model_converter.h           8       5    62%   92,104-105
src/ast/converters/proof_converter.cpp        49       7    14%   24,26,28-33,35-36,40-46,52,54-56,59-60,63-65,71,76-78,89-100
src/ast/converters/proof_converter.h           0       0    --%
src/ast/converters/replace_proof_converter.cpp
                                              32       0     0%   39,41-43,45-47,49-52,56-60,63-69,71-73,75-76,78-81
src/ast/converters/replace_proof_converter.h
                                               4       0     0%   32,38,43,45
src/ast/cost_evaluator.cpp                    61      23    37%   32-35,37-40,42-48,50-52,55-56,63-66,68-70,72-75,77,81-83,88-90
src/ast/datatype_decl_plugin.cpp            1110     916    82%   128,150-151,178-179,197-199,201-210,212-213,216-217,285-286,289-290,294-295,300-301,323,325,327-328,337,341,349-350,352,358,362-365,367,392,396-404,460,487,489,498,500,502,602,661-671,673,682-683,701-709,757-758,761,813,817-821,824-826,829-844,846,853-854,937,984,1053,1103,1150-1151,1154,1156,1219,1286,1312-1315,1335,1377-1398,1400,1403,1426,1442-1461,1463-1467,1469-1481
src/ast/datatype_decl_plugin.h               145     136    93%   146-147,153,155,287,371,374,386,392
src/ast/decl_collector.cpp                   148     117    79%   28,45-46,57-61,63-64,66,113,130-131,188-193,195-205
src/ast/decl_collector.h                       6       5    83%   56
src/ast/display_dimacs.cpp                   122       0     0%   27,29,31-35,37,40-43,45-46,48-63,65,67-68,70,73-76,78-79,81-91,93,96-99,101-102,104-110,112-120,122-128,132-140,143-146,148-155,157-170,172-174,176-178
src/ast/dl_decl_plugin.cpp                   529     164    31%   55-57,59,69-74,77-81,83,85-89,91,93-95,99,103,108,116-120,125,129,131-133,136-139,141-143,146-150,153-155,160,166-176,178-179,182-184,188,191-194,196-199,202-204,206-208,210-214,221-222,224,226-229,232-234,237-239,241-250,252-255,258-259,261-264,266-270,272-273,275,278-279,282-289,291,293,295-297,300-301,304,306-309,311,314,318-320,322-325,327-333,336-337,340,343-346,348,350-359,361-365,367-368,370-377,380-384,387-390,393-394,397-402,404-406,408-410,412-415,417-418,420-421,424-428,431-434,437-438,441-445,447-449,451-454,460,464,474,478,485-487,489-491,502-504,506-507,510-512,514-515,518-520,522-523,527-529,531-532,535-537,539-540,543-545,547-548,551-553,555-556,559-561,563-564,567-569,571-572,575-577,579-580,583-584,586-587,592,600,623,665,671,674,683-685,704,717-719,724-729,731,737,741,743,746-749,754-757,768,776-778,781-782,785-792
src/ast/dl_decl_plugin.h                      13      11    84%   159,193
src/ast/euf/euf_ac_plugin.cpp               1008       0     0%   110-111,114-117,119-120,123-127,129-135,138-140,143-144,146,148-157,159-164,166-168,170-173,175-176,179-183,186-190,193-194,197-200,203-206,209-212,215-218,221-223,225-228,230,232-233,235-240,243-246,249-254,257-263,265,268-275,278-281,284-300,302,305-311,313-315,317-324,326-330,332,334-342,344-349,351-354,356-357,359-361,364,366-368,370,372-373,375-383,386-394,397-398,400-401,403,405-407,411-412,415-422,425-432,434,436,438-444,446-455,457,459,461-463,465-472,474-475,477-479,481-488,490-494,497-503,505-517,520-524,526-534,536-539,541-546,548-554,556-557,559-560,562-563,565-566,568-570,572-576,579-587,589-591,593-596,598,600-604,606,608,611,614-616,618-622,624-626,629-632,634-635,638-641,644-648,650-651,653,655-656,658,660-664,666-667,669-671,673-674,677-682,684-685,690-691,693-697,699,704-710,717-725,727-731,733-738,747-759,761-763,766-767,770-787,792-802,804-805,808-810,812-816,818-819,822-824,826-828,830,832-833,839-840,842,844-847,850-851,853,855-856,858,863-871,873,876-878,880-890,892-894,896-897,901,903-905,907,909-910,912-917,920,922-923,927-934,936-937,939-946,949-950,952-953,959-968,970-973,975-979,981-984,986-989,991-994,996-1003,1007-1012,1014-1017,1020-1047,1049-1050,1052,1057-1066,1068-1078,1081-1083,1085-1092,1094-1095,1097-1102,1104-1112,1115-1116,1120-1123,1127-1130,1133-1142,1144-1148,1150-1154,1156-1157,1162,1164-1167,1172-1178,1181-1183,1187-1190,1192,1195-1197,1200-1203,1206-1211,1213,1217-1220,1222-1225,1228-1234,1236-1241,1243,1246,1248-1250,1252-1257,1259-1262,1264-1273,1275-1278,1280-1285,1287,1289-1294,1297-1298,1301-1311,1313-1314,1316-1321,1323-1325,1327-1328,1331-1338,1340-1345,1348-1352,1356-1374,1376,1379-1385,1394-1397,1399-1404,1406-1415,1417,1419-1426,1428-1430,1432-1440,1442-1450,1452-1454,1457-1458,1461-1462,1465-1466
src/ast/euf/euf_ac_plugin.h                   74       0     0%   39-40,44,48,50,54-56,65-66,68,83-84,86-89,95-103,109-118,171,178,180-181,190-191,205-208,210-212,233-238,262-265,279,282,294,300,318,329,331,336,338,343-345,350-352
src/ast/euf/euf_arith_plugin.cpp              77       0     0%   24-37,39-42,44-46,48-50,53,55-59,61-72,74-83,85,87-91,93-96,98-101,103-104,106-107,109-111,113-116
src/ast/euf/euf_arith_plugin.h                10       0     0%   36,42,46-49,55-58
src/ast/euf/euf_bv_plugin.cpp                375       0     0%   86-89,91-96,98-103,106-108,110-112,114,117-124,127-129,131-135,137-141,143-152,154-155,157-158,161-163,165,168-170,172-177,180-185,187,198,201-202,204-206,208-209,211,213-215,217-218,220-225,227-232,234-240,243-244,246,252-259,262-265,267-270,273-274,277-300,305-314,316-324,326-330,332-335,337-340,342,344-345,347-350,352-361,363-365,368-385,387-388,390-397,399-407,409-423,425-426,430-445,447-452,456-458,460-461,465-486,488,491-493,499-504,508-522,524-526,528,532-533,535-543,545-552,556-557,563-564,566-569,571-572,574-579
src/ast/euf/euf_bv_plugin.h                   17       0     0%   33-37,48-50,58-64,98,104
src/ast/euf/euf_egraph.cpp                   821     367    44%   46-60,64-69,83-90,92-95,107-108,131,135-137,142,149,155,158-161,166-167,169-175,177-181,184-189,191-196,198-199,201-212,214-216,219,221-228,230-231,233-242,244-255,257-262,264,271-283,285,292-293,303,309-313,315-316,319-323,327-332,334-341,343-351,360-365,371-378,390,394-395,399-401,403-409,411-415,417-418,420-426,428-438,440-441,443-444,446-447,449-450,452-453,455-457,459-460,462-463,465-466,468-469,471-473,475-476,478-479,481-483,485-486,488-491,493-494,496-497,500-504,506,509,514,532-534,553,555,557,560,569,572,580-581,589,601,603-606,613-619,621-622,627-641,643-644,646-651,669-670,672-673,686,711-712,715-719,723-725,727-739,741-744,747-757,770-771,773-777,843-852,854,859-860,862-869,872-878,880-884,892,899-905,909-919,923,936-939,941,943,945-949,951,953,968-969,981-982,995,1016,1020
src/ast/euf/euf_egraph.h                      87      37    42%   65-75,98-99,152-153,156-159,162-163,168-171,174-177,224-226,317-319,335,337-339,344,353,360-361,363,367-368,370,375,380-381
src/ast/euf/euf_enode.cpp                    116      29    25%   23-31,33-43,45-46,48-56,58-59,62-63,65-79,85-91,93-94,96-102,104-105,117,140-146,150-155,157-158,160-162
src/ast/euf/euf_enode.h                      164     121    73%   115-126,132-133,135,138,142-145,147,157,178-180,206-207,210,214,220-223,225-226,236-237,241,247-248,299-300,304
src/ast/euf/euf_etable.cpp                   175      77    44%   24-25,27-28,30-38,41,43,46-49,52-56,58-62,66,82-85,87-88,90,92-94,126-127,129-130,132-133,152-153,155-156,158-159,164-168,170-171,173-177,179-180,191-195,197-198,211-212,214-216,218-219,231-232,234-235,237-238,244-247,249,251,253,255,257,267,269,271
src/ast/euf/euf_etable.h                      51      17    33%   54-56,61-67,74-80,86-97,99-101,103-104
src/ast/euf/euf_justification.cpp             18       0     0%   25-26,28-29,31-32,34,36,38-43,45,48-49,52
src/ast/euf/euf_justification.h               60      27    45%   73-77,79-83,102-103,105,109-115,119-120,122,124,126,128-129,131-132,134,140-142
src/ast/euf/euf_mam.cpp                     2325       0     0%   76,79-83,95-101,104-112,115-121,123-128,152-153,211,266-269,271,273,275-279,281-288,290-295,297-305,307-316,318-319,321-326,328-331,333-334,336-340,342-344,346-347,349-350,352-353,355-356,358-359,361-363,365-367,369-370,372-373,375-376,378-380,382-383,385-386,391,412-413,415,417,427-430,432-441,443-447,449-453,455,495-502,524-525,528-529,532-533,536-537,540-541,544-545,548-549,552-555,557-561,563,568-569,573-574,577-579,581-583,585-586,593-596,598-599,603,605-610,612,616-620,623-625,640-644,648,651-652,655-660,663-664,669-671,674,676,679-683,685-689,692-694,696-700,703-707,710-714,717-718,725-726,729-733,736-739,742-745,748-756,759-768,771-778,781-789,792,794-801,804-807,809-811,813-815,817-820,862-864,866-867,870-872,874-875,877-878,881-886,888-902,908-913,915-916,921-924,926-935,937,943-947,961-966,968-975,977-978,982,984,987-990,994-997,999,1001-1006,1008,1010,1012-1013,1017-1020,1022-1027,1029,1032,1034-1036,1040,1042-1044,1046-1054,1057-1064,1066-1067,1070-1071,1078-1081,1083-1087,1089-1093,1095-1096,1098-1100,1107-1113,1116-1123,1125,1128-1132,1137-1138,1140,1142-1156,1158-1171,1173-1175,1178-1186,1188-1192,1194-1195,1197-1200,1202-1203,1206,1208-1211,1214,1216,1219-1222,1224-1235,1237-1238,1241-1248,1253-1257,1259-1267,1269-1270,1272-1274,1276,1278-1280,1282-1283,1304-1322,1324-1325,1327-1332,1335-1337,1340-1345,1348-1357,1360-1361,1370-1378,1381-1382,1384,1395-1400,1403-1405,1412-1414,1417-1418,1420-1421,1423-1424,1426,1429-1430,1432-1433,1439-1445,1467-1475,1477-1489,1491-1493,1495-1499,1501-1503,1505-1509,1512,1514,1516-1520,1523-1532,1534-1549,1551-1552,1554,1557-1569,1583-1593,1595-1596,1598,1601-1616,1618-1619,1621,1623-1629,1631,1633,1635-1640,1648-1650,1652-1658,1666-1668,1671-1676,1678-1683,1685,1687-1688,1690,1693-1695,1697-1698,1701,1705,1707-1712,1719-1722,1724,1727,1730,1732-1733,1741-1745,1747-1750,1752,1754-1757,1759-1760,1762,1764,1766,1769,1773-1779,1781-1782,1792-1804,1811-1812,1817,1819-1827,1829-1834,1840,1913-1916,1919-1922,1924-1926,1930-1934,1937-1938,1940-1945,1947,1949-1950,1956-1960,1962-1967,1970,1972-1979,1982,1984-1996,1998,2000,2002,2021-2027,2029-2035,2038-2043,2045-2052,2054,2056-2059,2062,2069-2075,2077-2078,2080-2087,2093-2102,2104,2112-2122,2124-2132,2134,2136-2137,2139-2142,2145-2148,2150,2152-2153,2155-2156,2158,2160-2164,2167,2169-2173,2175-2176,2178-2179,2181-2182,2184-2185,2187-2194,2196,2198,2200-2206,2208-2211,2213-2216,2219-2226,2228-2231,2233-2238,2240-2244,2246,2248-2249,2251-2252,2254-2255,2257-2259,2261-2262,2264-2265,2267-2270,2272,2274,2276-2283,2298-2303,2305-2312,2314-2315,2317-2318,2320-2325,2327-2329,2331-2335,2337-2338,2343,2345-2346,2348-2350,2363-2371,2373-2375,2380,2384,2386-2391,2394-2400,2403-2410,2413-2421,2424-2433,2436-2446,2449-2456,2459-2476,2482-2497,2501-2506,2508-2509,2512-2517,2519-2520,2528-2532,2535-2539,2542-2546,2548-2550,2567-2570,2573-2577,2580-2585,2588-2594,2597-2604,2607-2615,2618-2623,2626,2638-2640,2643-2646,2649-2653,2656-2661,2664-2670,2673-2680,2683-2687,2690-2692,2702-2703,2706-2708,2711-2714,2717-2721,2724-2729,2732-2738,2741-2745,2748-2751,2754-2764,2767,2770-2776,2779-2781,2785,2787-2788,2791,2797-2799,2802-2806,2811,2813,2815,2817-2821,2834-2837,2840-2844,2847-2852,2855-2861,2864-2871,2874-2882,2885-2890,2894-2896,2898-2899,2902-2905,2909,2911-2917,2919-2926,2928,2930-2933,2936-2939,2972-2976,2980-2984,2987,2991-2993,3002-3017,3019,3024-3025,3027,3031-3032,3034-3037,3039-3042,3044-3045,3047-3048,3086-3094,3097-3098,3100-3104,3107-3108,3110-3111,3113,3138-3147,3154,3156-3163,3168-3170,3172,3197,3223-3225,3227-3230,3233-3235,3237-3246,3248-3251,3253-3255,3257-3259,3262-3268,3270-3283,3287,3289,3291-3299,3302,3306-3308,3310-3313,3315-3324,3326,3328-3336,3338-3340,3343-3346,3348-3362,3364-3367,3369-3379,3382-3386,3388-3389,3391,3393-3396,3398-3400,3402,3404,3407,3409-3411,3413-3419,3421-3424,3426-3427,3429,3432,3434-3441,3443-3445,3447,3449-3452,3454-3458,3460-3464,3467,3474,3476-3488,3490-3492,3494-3501,3503-3505,3512-3519,3521-3523,3526,3528-3533,3538-3539,3542-3549,3554-3561,3568-3573,3596-3600,3606-3609,3614-3624,3628,3631-3633,3647,3656,3658-3659,3673-3674,3682-3693,3695-3697,3704-3706,3708,3710,3714,3716,3718-3734,3736-3742,3745-3746,3748-3751,3753-3754,3763,3765-3773,3775-3789,3791-3792,3794-3796,3798,3802-3803,3805-3811,3813-3816,3819-3820,3822,3824-3827,3829-3834,3836-3845,3847,3849-3850,3852-3865,3867,3870-3884,3886-3889,3894-3900,3905-3907,3909-3915,3917-3922,3925-3931,3933-3937,3939-3946,3948,3950,3952-3955,3957,3959-3964,3969-3970,3972-3974,3976-3979,3982-3990,3992-3993,3996-3998,4000-4002,4009-4011,4013-4016,4018-4022,4028-4030,4037-4050,4052-4054,4057,4059-4060
src/ast/euf/euf_mam.h                          4       1    25%   39,53,59
src/ast/euf/euf_plugin.cpp                    22       0     0%   24-26,28-33,35-40,42-46,49-50
src/ast/euf/euf_plugin.h                       7       0     0%   38-40,42,50,56,60
src/ast/euf/euf_specrel_plugin.cpp            40       0     0%   24-27,29-43,45-48,50-53,55-58,60-64,66-69
src/ast/euf/euf_specrel_plugin.h               1       0     0%   38
src/ast/euf/ho_matcher.cpp                   631       0     0%   52-54,56-64,66-67,69,72-75,77,80-81,83-89,91-99,102,104,106-110,112-115,117-118,120-124,127-131,134-138,142-155,157-169,171-172,174-175,182-183,185-195,197-200,202-215,217,220-227,230-231,233-235,237,239-240,245-252,254-261,263,266-267,269-270,272-273,275,277-278,280,282-283,285-286,288,294-300,305-320,325-333,337-342,344-346,348,350-358,360-367,370,372,374-375,377,379-380,382-387,392-409,413-415,418-428,431-432,434-438,440-445,447,450-459,465-478,481-482,488-501,503-504,506-515,517-525,527-529,531-532,534-535,542-549,551-561,563-575,581-590,592-593,596-616,618-629,631-636,639-643,645-658,660-666,668-676,678,680-687,690-694,696-700,702-723,725,727-743,745-746,749-761,763,765-771,773-775,777-783,788-791,794-801,803-807,809-810,813,815-831,833-835,837-839,841-842,844-850,852-854,856-857,859
src/ast/euf/ho_matcher.h                     170       0     0%   36,43-45,48-64,69,74-80,90-91,93-94,96-97,106,110-112,114,124-129,131-132,135-138,140-141,144-147,149-157,167-173,175-181,184,186-187,190-195,197,199-200,202-208,216-221,223-224,226,229-237,239-242,244-245,247-249,253,260-263,269-272,277,281-285,291-294,300-303,334,336,354,358,360-362,370-379,381,383,397
src/ast/expr2polynomial.cpp                  357     301    84%   98,101-103,105-107,143-150,186-187,189-190,198,215-216,222,303-310,351-352,357-358,363,421-422,426-427,450-451,460-462,473-474,489-491,494-496,499-501
src/ast/expr2polynomial.h                      2       0     0%   95,98
src/ast/expr2var.cpp                          71      66    93%   40,65-67,69
src/ast/expr2var.h                             4       4   100%
src/ast/expr_abstract.cpp                     92      72    78%   27-28,83-86,88-96,98,100-101,140-141
src/ast/expr_abstract.h                        7       4    57%   38,42-43
src/ast/expr_delta_pair.h                      4       4   100%
src/ast/expr_functors.cpp                     92      58    63%   70-82,84,86,93-94,103-106,108-110,123-124,127-129,135-139
src/ast/expr_functors.h                       17      16    94%   119
src/ast/expr_map.cpp                          61      34    55%   42-51,56-58,66,70,72-83
src/ast/expr_map.h                             2       0     0%   53-54
src/ast/expr_stat.cpp                         47       0     0%   25,27-32,34-38,40-45,47,49-52,54-55,57-58,60,62-67,69-71,73-76,78,80-81,83,86-87
src/ast/expr_substitution.cpp                124      94    75%   42-47,61-63,65,94-99,101-106,119-124,136,171
src/ast/expr_substitution.h                   27      26    96%   49
src/ast/for_each_ast.cpp                      16      10    62%   24-25,28-31
src/ast/for_each_ast.h                        80      73    91%   115,137-142
src/ast/for_each_expr.cpp                    149      43    28%   30-33,48-53,55-68,70-71,73-74,76-80,82,84-85,93-95,99,102-103,105-108,110,118,127-131,155-156,162-171,173-177,179-184,186-192,194-204,208,210-212,215,217-218,220-222,224-225
src/ast/for_each_expr.h                       99      83    83%   73-74,100-101,138-142,158,160,182,198-199,212,224
src/ast/format.cpp                           106      87    82%   60-61,64-66,73-74,92-93,95,111-112,125-126,131,153,157,194-195
src/ast/format.h                              68      66    97%   93,149
src/ast/fpa/bv2fpa_converter.cpp             396     274    69%   30-35,132-135,158,160-162,183,199,201,209,211,221,225-227,232-234,236-238,240-247,249,251-256,310-311,338-343,370-373,408,478-484,487-492,514-519,521-525,527-531,533-538,540,542-549,551-556,558-563,565-572,574
src/ast/fpa/bv2fpa_converter.h                 1       0     0%   67
src/ast/fpa/fpa2bv_converter.cpp            3427    3077    89%   93,99-101,103-105,119,121-125,128,133,137-146,166,168-169,171-172,235-238,240,242-244,246-247,265,267-275,277-282,423-429,431-433,479,699-706,861,964,1150,1179-1182,1200,1295-1298,1300-1303,2173,2196-2197,2364-2370,2372-2377,2384-2390,2392-2398,2477-2480,2482-2490,2493-2498,2500-2506,2508,2592,2689,2691-2693,2695-2703,2705,2707,2709-2710,2712-2713,2715-2719,2721-2723,2730,2815,2853,2855-2857,2859-2860,2862,2865,2867-2871,2873-2875,2878-2879,2881-2882,2884-2889,2891-2897,2899-2903,2905-2910,3084-3092,3217-3225,3246-3248,3250-3257,3304-3306,3329,3331-3333,3413-3420,3517-3520,3522-3525,3544,3561,3571-3574,3731-3732,3759,3924-3925,4354,4460-4461,4463-4465,4467-4474,4476-4478,4480-4482,4484-4485,4487-4489,4491,4494-4496,4498-4499,4501-4504,4506-4507,4509-4510,4512-4513,4515-4517,4519-4524,4527-4529,4531-4534,4536-4537,4539-4541,4543,4549-4550
src/ast/fpa/fpa2bv_converter.h                12      12   100%
src/ast/fpa/fpa2bv_rewriter.cpp              246     207    84%   36,91-92,97-100,102,119,127-128,134,136,149-150,152,154,161,163-165,192,203,223-228,230-231,251,265-269,271,320
src/ast/fpa/fpa2bv_rewriter.h                  8       8   100%
src/ast/fpa_decl_plugin.cpp                  771     597    77%   94,185-188,202,204,206,216,222,235,243,245,260-261,269-270,274-276,278,305,307,316-317,327,329,340-341,344,349,351,357-358,361,366,368,377-378,381,386,388,390,398-399,402,407,409,411,417-418,421,426,428,430,433,439-440,442-448,452,454,460,471,473,486,488,492,494,507,514-516,519-520,522-524,527,530-533,535-537,545,551-553,555-556,558-560,563,583,585,587,591,593,601,606,611,618,624,626,628,630,632,634,639,645,647,649,651,653,655,660,665,667,671,676,678,690,692,694,704,706,766,799,893-894,899,961-964,976-980,982-986,1009-1011,1013-1016,1019,1022-1031,1056,1061-1062
src/ast/fpa_decl_plugin.h                    112      58    51%   246-247,265,268-271,280-282,284-287,289-292,294-297,302-310,314-316,318-326,329,331,333,335-341,345
src/ast/func_decl_dependencies.cpp           139     114    82%   42,96,130,135,145,167-168,172-173,194-195,202-204,212-220,222,224
src/ast/func_decl_dependencies.h               5       5   100%
src/ast/has_free_vars.cpp                     54      53    98%   62
src/ast/is_variable_test.h                    19      13    68%   41-43,56,58-59
src/ast/justified_expr.h                      41      41   100%
src/ast/macro_substitution.cpp               131       0     0%   27-32,34-39,41-46,48-54,56-58,60-66,68-75,77-78,85-86,88-101,104-120,122,124-145,147-157,159-160,162,164-168,170-171,173-179,181-182
src/ast/macro_substitution.h                   2       0     0%   42-43
src/ast/macros/cond_macro.h                   23      16    69%   47,59-62,64-65
src/ast/macros/macro_finder.cpp              288     156    54%   62,72-75,77,79-88,92-104,110-122,135-143,145-148,150,152-160,164-175,181-189,204,206-217,223-235,255-260,293-295,297-300,313,361-363,374,379-380
src/ast/macros/macro_manager.cpp             291     242    83%   62-67,100-113,121-122,133,204-209,211,213-217,272,275-277,279-280,282-283,307,327,347-348,350-351
src/ast/macros/macro_manager.h                 7       6    85%   84
src/ast/macros/macro_util.cpp                628     523    83%   45-46,71,80,115-119,121,190-194,221-225,258,266,271,283-284,296-301,307,312,327,330,339-342,344,367-370,400,408,416-426,428,430-443,587-588,606-618,620-623,625-627,652-653,730-731,948,954-958,964
src/ast/macros/macro_util.h                   12      12   100%
src/ast/macros/quantifier_macro_info.cpp      42      20    47%   36,47-55,57-68
src/ast/macros/quantifier_macro_info.h        10      10   100%
src/ast/macros/quasi_macros.cpp              257     219    85%   71-72,116,171-173,177-180,189-191,197,239,311,336,338-343,347,376-387,392-393
src/ast/macros/quasi_macros.h                  0       0    --%
src/ast/normal_forms/defined_names.cpp       205     172    83%   107-112,114-116,118-119,125-126,228,234,240-242,252-256,298-305,334-335
src/ast/normal_forms/elim_term_ite.cpp        14      13    92%   33
src/ast/normal_forms/elim_term_ite.h          13      13   100%
src/ast/normal_forms/name_exprs.cpp           72      67    93%   88-90,93-94
src/ast/normal_forms/name_exprs.h              2       2   100%
src/ast/normal_forms/nnf.cpp                 621     533    85%   83-86,140-142,144-146,195,199-201,203,299-300,302,323-329,362-370,378,380,442-443,445-446,497-501,583,657,660,673,685-689,694-695,701-704,726,728,737-739,750,763-768,840,860,872-873,875-877,925-927,933-935,937-939
src/ast/normal_forms/pull_quant.cpp          238     148    62%   73-74,87,166-170,194,196-199,201-202,204,206-210,212-213,216-226,228-250,252,254,258-259,282-286,290,333-335,337-339,350-357,374-376,387-389,391-393
src/ast/num_occurs.cpp                        34      16    47%   52-54,57,62-64,66,68-71,73-78
src/ast/num_occurs.h                          11      11   100%
src/ast/occurs.cpp                            71      60    84%   56-58,87-88,90-91,93-96
src/ast/pattern/expr_pattern_match.cpp       324     239    73%   48,62,81-83,85-89,91-93,194-195,226-227,230,233,242,266,312,368,372,381,387,416-421,425-429,432-433,435-436,438-443,445-450,452-457,459-462,464-465,467,469-474,476-480,482-483,485-488,490-491
src/ast/pattern/expr_pattern_match.h          38      35    92%   77-79
src/ast/pattern/pattern_inference.cpp        537     472    87%   68-69,77-79,94-97,119,367-368,412,416,427,443,546-557,559,628,631,653,662,674-681,689-695,707-710,734-743,749-751
src/ast/pattern/pattern_inference.h           40      36    90%   222-225
src/ast/pb_decl_plugin.cpp                   217     142    65%   38,46,52,60,75,79,86-87,114-122,160,163,178-191,194-197,203-206,209,211,222-225,228,230,248-251,254,256,262-265,268,270,277-280,283,285,300-301,310,313-317
src/ast/pb_decl_plugin.h                      21      16    76%   56-58,88,92
src/ast/polymorphism_inst.cpp                105       0     0%   23-25,27-28,30-35,37,39-40,43-55,57-65,67-71,73-79,81,83-104,106-107,109-138,140-141
src/ast/polymorphism_inst.h                   19       0     0%   30-31,39,42,49,52,57-61,67-71,81-82,88
src/ast/polymorphism_util.cpp                267       7     2%   25-30,32-38,40-47,49-53,55-60,62-68,70-72,74-90,92-99,101-113,115-122,124,126-138,140-141,143-179,181-182,184-185,189,191,193-196,200-216,218-219,221,225-226,229-240,242,245-251,253,255-256,258-259,271,273-274,276-281,283-289,291-299,301-306,308,312-317,319-321,323,326-332,334-336,339,343-348,350-352
src/ast/polymorphism_util.h                   24       1     4%   24,41-42,44,46,48,55-57,59-63,65-66,70-74,85,92
src/ast/pp.cpp                                81      69    85%   33,40,47,49,78,87,90-91,118-119,129,132
src/ast/proofs/proof_checker.cpp             962     530    55%   44-46,55-56,60,63,107-108,128,131,184,211,213,217,228-229,232-236,238-239,253-254,272-273,291-292,300-301,326-327,333-334,337-341,343-358,360-361,363-364,366-367,371-372,374,377-381,383-384,387-395,399-406,409-411,420-421,424-431,433-439,442-445,447,449-450,453-464,466,468,470-473,476-478,484,486-487,490-495,498,500-501,509,533,538-539,547-548,565,578,592-593,602-607,609-611,614,616,620,625-626,630-636,638-639,643-650,652-653,657-666,668-669,678-679,688-691,693-694,697-698,700,702-703,707-714,716-717,721,725,730-741,743,745-747,750-757,759-760,768-769,773,776-787,789-794,800-809,811-812,814,816,819-827,829,831-833,835-836,855-856,858-884,886-890,892-896,898-899,901,909,931,941,951,963,975,978-986,988-989,1011,1034-1035,1072,1086-1087,1126-1127,1151,1191,1235-1244,1247-1262,1273-1274,1280-1282,1285-1286,1288-1289,1356-1357,1363-1364,1379-1380,1386-1389,1396,1410,1415-1416,1418,1421,1428-1429,1438-1441
src/ast/proofs/proof_checker.h                 1       0     0%   57
src/ast/proofs/proof_utils.cpp               612      24     3%   68,72,97-103,105-106,108-112,114-117,120,122-128,130,132-134,137,143,145,147-150,152,156-160,163-172,174,176-177,179,181-184,186,188,190-193,195-197,199-202,205-207,209,212-213,216,218-220,222,224-225,227-230,232-235,238-239,241-243,245-248,250,253-254,256-261,264,267-273,275-279,281-283,286-289,292,294-299,301,303-304,308,311,313-318,321-325,329,354-364,366-368,370-374,376-377,379-383,385,387,389-396,398-404,406-413,415-416,418,420-421,424,426,428-430,432-434,436-444,446-448,450-452,454-455,457-459,463,465-472,477,479-484,487,491,493-494,501-502,504-505,507-509,513-516,519-522,524,528-529,531-535,541-546,549-551,554-557,559,561-569,571-572,584,587,589,591-592,594,596-598,600-602,605-606,609-616,619,621,623,625,627-632,638,640-650,652-656,662-668,670-671,673-680,682-684,686-688,690-699,702-706,708-714,716,718-721,723-726,728-730,732-735,737-739,742-747,754-757,759,762-763,765-767,769-778,781-785,787-788,791-795,797-798,801-802,805,807-810,814-817,820-827,830-834,836-838,870-882,888-890,892-900,902-905,909-913,918,920-923,927-931,933-941,945-946,948-953,956-971,973-977,979-981,983-984,986-988,991,993-994,998-1001
src/ast/proofs/proof_utils.h                 113     110    97%   147-148,180
src/ast/quantifier_stat.cpp                   77      73    94%   84-86,116
src/ast/quantifier_stat.h                     46      38    82%   74-75,77-78,115-116,124-125
src/ast/recfun_decl_plugin.cpp               353     274    77%   50,69-88,90-91,195,199,247,291,294,303,448-455,487,490-493,497,500-501,503-504,506-508,510,512-514,539,572-577,579-587,601-602,605-611
src/ast/recfun_decl_plugin.h                 112      91    81%   63-64,66-70,102,105,130,181,185-186,248,307-308,328-329,344-345,365
src/ast/recurse_expr.h                         4       4   100%
src/ast/recurse_expr_def.h                    43      34    79%   50-51,53,70-71,74,87,89-90
src/ast/reg_decl_plugins.cpp                  35      35   100%
src/ast/rewriter/arith_rewriter.cpp         1787    1481    82%   76,91-92,94-97,106,152-153,192,231,233,242,244,247-248,268,270,281,283,285,414-415,429,431-432,474-476,490,494,498,505,512-513,552,574,661,708-709,728,735,742,744-746,748,750-751,753-754,756-758,760,769,818,858-862,871,873-879,929,1005,1054,1118,1121,1192-1194,1347,1382-1383,1398-1400,1402-1404,1418-1419,1438,1440-1444,1446-1449,1451-1453,1455-1456,1480,1504-1510,1512-1518,1521-1532,1534-1535,1537-1539,1541-1542,1544-1546,1548-1561,1563-1569,1571-1572,1574-1575,1577,1579-1582,1584-1595,1597-1599,1601-1603,1605-1608,1610-1611,1613-1624,1626-1628,1630-1640,1642-1644,1646-1647,1671-1672,1693-1694,1701-1704,1706,1735-1742,1753,1760-1762,1767,1779,1783,1793,1797,1802,1807,1812,1821,1829-1830,1850,1901-1902,1911,1914,1918,1927-1928,1940,2003,2012,2032,2083,2090-2091,2109,2154,2168,2209-2210,2224,2226-2227,2233,2304,2388,2390,2392-2393,2396,2398-2399,2401-2402,2404,2406,2408-2409,2411,2413-2414,2416-2417,2423-2424,2428-2429
src/ast/rewriter/arith_rewriter.h             32      23    71%   47,130-133,181-184
src/ast/rewriter/array_rewriter.cpp          671     338    50%   48,50-51,53-54,56,58-62,64-68,70-82,100-101,103-105,107-109,111-113,199-200,215,271,330,332-334,338-343,349-352,472,479,481-495,498-499,511-512,514-516,528-531,534-546,548,550-557,562-564,577-578,580-582,591-594,597-598,606-609,611-614,616-619,624-625,633-637,639-643,646-653,656-659,662-665,668-680,682,689-691,694-695,698-700,702-705,708-709,711-714,717-718,720-722,724,726-727,732,735-738,740-745,747-754,756,758,760,762-771,773-779,781,784-792,794-803,805-815,817-819,825-826,835-839,844-859,863-868,870-872,874-878,881-887,889,893-904,906
src/ast/rewriter/array_rewriter.h             15      15   100%
src/ast/rewriter/ast_counter.cpp             101      85    84%   46-50,69-73,75,123-124,137-139
src/ast/rewriter/ast_counter.h                13      12    92%   97
src/ast/rewriter/bit2int.cpp                 303      90    29%   39-40,47-50,53-60,62-63,65-69,71-80,82-83,85-90,92-96,99,101,104,107,109-110,112-115,117-119,121-130,132,135-140,142-144,146-147,149-150,152,154-155,157,160-161,163-167,169-175,177-178,193-194,196-198,200-201,203,212-213,216-218,220-222,228,231-236,286-293,295-297,299-306,308-310,313-318,321-326,328-334,337-342,344-350,352-353,359-362,365-372,376-379,381-384,386-391,393-396,398-399,412
src/ast/rewriter/bit2int.h                    12       6    50%   41-43,45-47
src/ast/rewriter/bit_blaster/bit_blaster.cpp
                                              93      78    83%   48,50,54,56,62,64,66,68,93,99,103,105,107,109,111
src/ast/rewriter/bit_blaster/bit_blaster.h
                                              16      11    68%   42,44,48,52-53
src/ast/rewriter/bit_blaster/bit_blaster_rewriter.cpp
                                             485     406    83%   145,147,271-272,289,305-307,318,362-367,369-378,417,422,431-433,440,444,450,456,462,468,481-482,498-500,527-529,531-533,536-538,540-542,544-546,555,558-565,567-568,571-572,613,618,623-626,641-642,742-743
src/ast/rewriter/bit_blaster/bit_blaster_tpl.h
                                              25      21    84%   59,62,66-67
src/ast/rewriter/bit_blaster/bit_blaster_tpl_def.h
                                             715     479    67%   31,33,40-45,194-197,276-288,293-294,298,300-307,309-312,315-329,334,343-352,354-355,357,360-361,365,367-369,372-374,377-379,469-470,606-607,609-614,616-621,623-628,655-656,658-661,663-668,670-677,693-694,779-780,786-791,794-797,800-806,809-815,821-829,831,833-836,842-848,859,900-907,984-986,988,990-991,993-998,1001-1010,1012-1018,1021-1023,1026-1028,1077,1080-1082,1099-1103,1106-1114,1129,1168
src/ast/rewriter/bool_rewriter.cpp           809     747    92%   67,70,325,374-375,386-387,390-391,425-426,432-433,440-441,462-464,466-468,470-472,474-475,641,650,656-657,685,703,725,727,843-844,849-850,884-885,970,982,1145-1149,1151-1155,1157-1161,1163-1167
src/ast/rewriter/bool_rewriter.h             108      89    82%   97,102,189-193,249-257,263-265
src/ast/rewriter/bv2int_translator.cpp       499       0     0%   21-31,33-39,42-47,49-55,57-80,82-83,86-90,92-95,97-99,101-104,106,108,110-113,115-125,127-129,131-132,134-136,138-139,147,149-151,154-155,157-159,161-170,172-184,186-192,194-196,200,202-203,206-210,213-217,221-229,231-234,236-237,239-240,242-243,245-247,249-251,253-255,257-259,261-263,265-267,269-271,273-275,277-278,280-288,290-291,294,298-302,305,307-308,310,313-315,319-321,324-326,329-330,332-335,337,340-341,343-344,346-350,352,354-355,363-376,379-383,385-386,388-390,394-403,406-409,411-414,417-419,421,423-426,428-431,433-435,438-442,449-454,456,467-475,477,482-491,493,495-497,500-503,506-511,514-519,522-528,530,532-534,537-539,541,543-547,549-554,556,558-559,561-570,572-573,575,577-582,584-585,587-590,593-606,608-612,614-622,624-639,641-652,660-672,674-676,678-691,693
src/ast/rewriter/bv2int_translator.h          10       0     0%   21,40,53-54,71-72,77-80
src/ast/rewriter/bv_bounds.cpp               509      13     2%   24-66,68,79,81-100,102-103,105-108,111,124-125,129,131-142,144-145,147-150,154-162,164-175,177-181,183-194,196-200,203-213,216-219,221-222,224-225,227-229,231-233,235,237-238,250-261,264-270,272-277,279-288,290-310,312,314-321,323-328,332-334,336-340,343,357-358,360-363,367-374,376-387,389-393,395-406,408-412,415-425,428-431,433-434,436-437,439-441,443-445,447,449-450,452-466,469-471,473,475-490,493-497,499-513,516-520,522-524,526-527,529-531,533-535,537-538,540-542,544-550,552-557,559,561-563,566-568,571-575,577-581,583-587,589-590,593-594,599-603,605-610,612-649,651-658,660-661,663-664
src/ast/rewriter/bv_bounds.h                  30       1     3%   59-60,63,95-98,101-106,108-115,117-119,121-123,125-126
src/ast/rewriter/bv_bounds_base.h            212       0     0%   29,43,46,48-53,55-57,60-66,68-71,76-83,85-88,91-97,100-105,107-110,112-114,116-118,120,122-126,128-140,142-144,146-148,173-175,177-178,180-186,188-195,197-198,200,203-206,209-210,212,214,216-218,221-222,224-225,227-229,231-232,234-238,240,242-243,245-254,258,261-265,269-279,281,283-286,288-289,291-293,295-300,302,304-305,307,309-312,314-317,319,321-325,327-335,337-341,343,345-346
src/ast/rewriter/bv_elim.cpp                  71       0     0%   13,21-31,38-43,45,47-63,65-67,70-71,76-80,82-84,87-88,90,92-97,99-111
src/ast/rewriter/bv_elim.h                     5       5   100%
src/ast/rewriter/bv_rewriter.cpp            2295    1479    64%   60-61,111-113,195-196,198-199,204-205,224,226,228,230,232,234,236,238,240,242,290-295,297,311-312,317-321,323-327,329-341,343-352,354,356,365-369,371-373,375-384,386-388,390,397-401,403-404,406-415,417-425,427-433,435-438,441-447,449-452,457-464,466-469,471-474,478,550-555,573,575,582,584,613,620-621,639-640,674-686,688-696,698-704,706-707,709-732,734-740,742-743,745-750,765,834,836-838,856-860,862,864,880-881,924-925,927-931,936-942,1040-1041,1043-1044,1053-1060,1067-1073,1077-1080,1082,1085-1087,1118-1119,1131-1132,1141-1142,1150-1154,1179-1180,1205-1208,1210-1211,1221-1223,1227-1228,1233-1234,1243-1244,1252-1256,1259-1260,1262-1263,1265-1266,1268-1269,1271-1274,1276-1279,1281-1282,1286-1288,1290-1292,1294,1307-1308,1346-1350,1356-1362,1369-1371,1377-1379,1412,1462,1469-1473,1488-1489,1494-1495,1500-1501,1526-1527,1529,1540-1542,1544,1546-1548,1550-1561,1563-1567,1569-1573,1582-1590,1592-1595,1601-1608,1714-1715,1726-1727,1751,1756-1757,1769-1770,1811-1812,1827-1828,1846-1852,1854-1867,1869-1872,1941-1942,1951-1954,1960-1963,1982-1984,2000-2003,2024,2099-2100,2122-2123,2176-2177,2179-2182,2184-2187,2189-2193,2195-2196,2227-2228,2231-2236,2261-2262,2264-2266,2268-2269,2271-2272,2274-2276,2278-2280,2282-2283,2285-2286,2288-2290,2292-2293,2295-2296,2298-2300,2302-2304,2306-2307,2334-2336,2348-2349,2394,2432-2433,2439,2473,2516-2517,2522,2534,2542-2544,2605,2608,2617-2626,2639-2640,2690,2758-2761,2763-2765,2782-2783,2793,2803-2804,2839-2840,2842-2843,2845-2848,2850-2851,2853-2862,2864-2865,2900-2901,2914,2925-2927,2929-2931,2933,2943-2944,2982-2992,2994-2996,3011-3012,3046,3050-3051,3053-3055,3057-3058,3060-3061,3063-3065,3067-3073,3075-3076,3078-3079,3081-3082,3084-3085,3087-3088,3090-3091,3098-3099,3107-3108,3111-3115,3117,3120-3123,3126-3127,3129,3131-3132,3134-3136,3138-3140,3143-3144,3146-3153,3155-3157,3159-3160,3162,3164-3168,3170-3172,3175-3180,3182-3183,3185-3190,3192-3200,3202,3204-3214,3216,3218-3230,3232,3234-3241,3243,3245-3250,3260-3270,3272,3276-3284
src/ast/rewriter/bv_rewriter.h                71      42    59%   43-45,99-101,200-203,233-238,240-245,251,255-260
src/ast/rewriter/cached_var_subst.cpp         54      48    88%   26,29,37,83-85
src/ast/rewriter/cached_var_subst.h            2       2   100%
src/ast/rewriter/char_rewriter.cpp            63      25    39%   43-44,46-47,49-50,52-53,58,60-64,66-67,74-75,80-81,84-85,91-96,98-99,101-106,108-109
src/ast/rewriter/datatype_rewriter.cpp        93      76    81%   37-38,41,61,68-73,75-76,94-95,125-126,128
src/ast/rewriter/datatype_rewriter.h           3       3   100%
src/ast/rewriter/der.cpp                     280     247    88%   53,78,102,115-119,121,130,160-162,290-292,299,316-318,333-335,397-398,451-455,457-459
src/ast/rewriter/der.h                         1       1   100%
src/ast/rewriter/distribute_forall.cpp        97       4     4%   32-37,39-40,42,44,46-49,51,53-54,56-58,61-62,64-65,67-68,70-74,76-82,84-91,94-96,98-99,101,103,110-112,120-131,134-136,138,140,142-144,146,148-153,156-158,160,162-163,166-169
src/ast/rewriter/distribute_forall.h           2       0     0%   73,76
src/ast/rewriter/dl_rewriter.cpp              20      11    55%   29-31,35-36,40-41,45-46
src/ast/rewriter/dl_rewriter.h                 2       2   100%
src/ast/rewriter/dom_simplifier.cpp          212     182    85%   120,142-145,156-157,160-166,168-169,219,222,235,241-243,245,255,264,296-297,312-314
src/ast/rewriter/dom_simplifier.h              7       7   100%
src/ast/rewriter/elim_bounds.cpp             120     113    94%   91,117,159,163,177,191-192
src/ast/rewriter/elim_bounds.h                 4       4   100%
src/ast/rewriter/enum2bv_rewriter.cpp        224     177    79%   59-60,67,75-80,97-98,112-119,121-125,130-131,180,215,224-226,228-229,237,244,275-276,291-296,323-326
src/ast/rewriter/expr_replacer.cpp            84      60    71%   40-41,44-49,51-56,71,107-110,147-148,151-153
src/ast/rewriter/expr_replacer.h               5       4    80%   44
src/ast/rewriter/expr_safe_replace.cpp       174     124    71%   33-41,110-115,117-122,124-133,135-138,140-142,160-162,169,181,192-194,220-223
src/ast/rewriter/expr_safe_replace.h           4       4   100%
src/ast/rewriter/factor_equivs.cpp            78       0     0%   37-40,42-48,51-63,65-68,70-72,77-87,89,95-96,98-106,109-110,116-124,127,132-142,144
src/ast/rewriter/factor_equivs.h              62       0     0%   40-44,46,48-51,60,70-76,78-82,96-97,99,101-104,106-108,112-114,116-118,126-128,136-141,143-145,147-152,154-156,160-161
src/ast/rewriter/factor_rewriter.cpp         242     119    49%   36-38,45-47,49-53,55-57,59-67,73-74,77-78,96-101,103-105,111-121,144-146,169-170,174-178,180-184,186-188,214-217,234-235,269-270,275,277-300,302-306,308-309,311-312,314-315,317-322,324,326-327,329-330,332,338-339
src/ast/rewriter/factor_rewriter.h            14      10    71%   46-47,60-61
src/ast/rewriter/fpa_rewriter.cpp            591     510    86%   35-36,104-105,196,203-205,207-210,212-215,217-219,221-231,233,324-325,329-330,358-359,374-375,398-399,481-482,486-487,492-493,497-498,502-503,507-508,512-513,561-562,564-566,569-570,572-573,575-577,580-581,751-753,778-783,803-804,843
src/ast/rewriter/fpa_rewriter.h                2       2   100%
src/ast/rewriter/func_decl_replace.cpp        62       0     0%   24-26,28-48,50,52-59,61-69,71-77,79-80,82-84,86,90,93-98
src/ast/rewriter/func_decl_replace.h           3       0     0%   34,36,42
src/ast/rewriter/inj_axiom.cpp                93      81    87%   60,63,67-71,73,102,106-107,135
src/ast/rewriter/label_rewriter.cpp           19      14    73%   33-35,45-46
src/ast/rewriter/label_rewriter.h              0       0    --%
src/ast/rewriter/macro_replacer.cpp           95       0     0%   33-38,40-44,51,58-61,63-65,67-68,70-71,73,76-100,102-103,105-106,112-115,119-125,127-132,134-142,144-149,151-160
src/ast/rewriter/macro_replacer.h              1       0     0%   36
src/ast/rewriter/maximize_ac_sharing.cpp     111     105    94%   40-44,93
src/ast/rewriter/maximize_ac_sharing.h        26      26   100%
src/ast/rewriter/mk_extract_proc.cpp          33      33   100%
src/ast/rewriter/mk_simplified_app.cpp        59      51    86%   60,62,64,66,76,78,80,82
src/ast/rewriter/pb2bv_rewriter.cpp          698     253    36%   66-73,75-76,82-83,108-115,117-118,121-126,129-130,137-139,154-155,157-160,172,174,180-181,184-189,191,193-198,200,202-203,211-214,217-225,227,232,234,236-244,248,255-257,259,261,266,272-280,282-283,285-288,290-298,300-301,303-306,308-314,316-343,345-349,351,353-354,356,360-372,374-375,379-400,413-415,417-425,427-430,432-437,439-443,445-452,459-462,467-468,470-471,473-474,476-487,498-517,521-522,524-528,530-539,544-550,552,555-556,558,560-561,563-564,566-567,569-570,641-647,649-655,657-665,667-671,674,676,678-690,693-695,699,701,703-704,706,708-714,716-722,724-732,738,745-746,773-774,776-778,780-781,783-785,787-788,819,833-839,842,856-857,887-888,890-893,900-903,905-908,910-913,918,924,947-948,979,984,1009-1010,1028,1086,1128,1135
src/ast/rewriter/pb_rewriter.cpp             225     114    50%   40,43,52-54,77-88,90,92,94-97,99,101-103,105,107-114,116,118-124,126,128,130,132-133,135-150,152-157,160-175,179-186,188-193,228-229,263-264,266-267,269-270,272-273
src/ast/rewriter/pb_rewriter.h                 6       5    83%   51
src/ast/rewriter/pb_rewriter_def.h           192     134    69%   25-33,68-69,81-82,129,140-146,155-164,167,221-230,232,234-238,286-295
src/ast/rewriter/poly_rewriter.h              77      67    87%   43,50-51,82,121-122,165-168
src/ast/rewriter/poly_rewriter_def.h         818     660    80%   61-64,66-67,69-71,89-96,98-99,101-105,107-109,111-115,118-120,122-124,141,447-454,457-467,469-470,472-476,478-490,518,521,627,630,662,689-690,762,783-784,992-1004,1006-1007,1010-1016,1020-1021,1027-1030,1032-1034,1036-1040,1042,1044-1046,1048-1051,1054-1058,1060-1062,1065-1068,1070-1072,1074-1080,1082-1084,1140
src/ast/rewriter/push_app_ite.cpp             54      49    90%   29,45,65,80-81
src/ast/rewriter/push_app_ite.h               15      15   100%
src/ast/rewriter/quant_hoist.cpp             207     117    56%   44-47,50-52,54-57,60,78,107-133,167-168,176-178,188-189,191-193,220,231,239-243,245-253,255,257,259-267,277-278,291-292,294-296,310-312,314-316
src/ast/rewriter/recfun_replace.h              4       4   100%
src/ast/rewriter/recfun_rewriter.cpp          44      25    56%   28,31,46-57,59-60,64-65,78
src/ast/rewriter/recfun_rewriter.h             2       2   100%
src/ast/rewriter/rewriter.cpp                304     275    90%   57,158,165,167,228-233,235,264-265,310-316,326,348-351,362-363,385-386
src/ast/rewriter/rewriter.h                  136     128    94%   235,237,260,265,270,286,369,395
src/ast/rewriter/rewriter_def.h              579     530    91%   115,191,222,226-227,411,413,415,418,447,515,520-521,523-524,572,586,664-669,707-709,717-719,721-722,756-758,760,770-771,773-774,776-778,793-794,826-828,830-831
src/ast/rewriter/rewriter_types.h             18       7    38%   36-44,46,60
src/ast/rewriter/seq_axioms.cpp              764     557    72%   86,99,114-120,522-539,542-549,650-653,779-804,806-807,812-825,832-842,844-846,848,850-852,854-857,859-864,866-874,926,994-1004,1011-1021,1028-1039,1057-1061,1079-1088,1090-1097,1099-1105,1130,1132-1136,1168-1174,1182-1191,1193
src/ast/rewriter/seq_axioms.h                 13      13   100%
src/ast/rewriter/seq_eq_solver.cpp           499     384    77%   37,43,45,47,49,59,61,63,66-69,100-103,114,161-162,236-238,251-252,255-256,267-270,272-278,280-281,283-289,292-296,298-299,301-313,336-337,340,364-365,372,374,381-385,387,389-391,451,455,457-465,467-477,479-480,543,580,649,653,655,693,718-719,723
src/ast/rewriter/seq_eq_solver.h              23      22    95%   119
src/ast/rewriter/seq_rewriter.cpp           4261    2585    60%   34-38,40,42-43,45-47,49-52,54-56,58,60,63-64,66-71,73-74,90-92,101,104,126-128,135-138,140-141,143,153-161,163,166-171,174-175,178-188,191-196,231-233,240,242-244,247-249,262-265,269-271,349-351,357-359,377-379,381-383,401-403,405-407,409-411,427-429,431-433,445-446,544-545,552-553,559-560,563,591-592,594-595,597-599,601,603-612,619-620,622-624,626-628,634-635,637-644,646-648,656-658,692,719-722,735,747-748,755,777,786-795,797,813-814,851-852,918,926-927,931,952-955,963-967,969,973-974,979-982,986-987,992-993,998-1000,1027-1029,1031,1033-1034,1036-1040,1042-1044,1046-1048,1050-1054,1070-1072,1074,1092-1096,1106,1111-1115,1162-1163,1170-1171,1182-1183,1218-1219,1229-1233,1236-1247,1251-1252,1271-1273,1285-1287,1289,1291,1306-1307,1326-1328,1330-1332,1340-1341,1344-1345,1353-1364,1369-1370,1372-1373,1422-1424,1426-1432,1440-1447,1449-1451,1454-1456,1459-1461,1463-1473,1475-1476,1478,1480-1481,1483-1484,1486-1488,1490,1492-1493,1495-1497,1500,1503,1506-1507,1545-1546,1570-1571,1577-1579,1607,1610-1613,1618-1620,1622,1624-1628,1642-1643,1664-1667,1669,1671,1680,1683,1706-1707,1726-1727,1751-1752,1766,1804-1807,1809-1811,1813-1815,1817-1823,1825-1830,1832-1835,1837-1842,1847-1848,1944,1946,1948-1950,1952,1954-1955,1957-1959,1964-1967,1969-1973,1975-1976,1980-1982,1984-1985,1988-1989,2021-2029,2040-2042,2055-2057,2071-2072,2107-2108,2131-2132,2135-2136,2153-2154,2186-2187,2193-2194,2221-2222,2225-2226,2236-2237,2246-2251,2253-2257,2259-2260,2262-2266,2268-2269,2271-2272,2274-2278,2280-2281,2283-2285,2290-2291,2294-2299,2301-2302,2304-2316,2318-2323,2325-2327,2345-2353,2391-2393,2398-2399,2406-2407,2417-2418,2424-2429,2431-2438,2440-2444,2450,2452-2457,2459,2462-2465,2467-2477,2479-2485,2487,2490-2491,2523-2525,2556,2565-2566,2576,2579,2616-2618,2655-2656,2664-2665,2679,2686-2687,2718-2719,2722-2723,2726-2727,2730-2731,2734-2735,2738-2739,2742-2743,2746-2747,2750-2751,2765-2767,2769-2772,2776,2842-2844,2846-2858,2860-2862,2864-2886,2888,2890,2892-2895,2960-2963,2966,2970,2973-2976,2979-2980,2982-2983,2987,2989,3008,3010,3024-3025,3027-3035,3037-3044,3046-3054,3072,3079,3084-3086,3108,3171,3173,3179,3181,3246,3248,3276,3278,3331,3350-3351,3358,3373-3374,3387-3419,3423-3425,3427-3432,3434-3440,3442-3443,3445-3446,3462,3464,3466-3467,3502-3504,3507-3508,3511-3512,3515-3516,3523,3525-3526,3536-3537,3550-3551,3554-3558,3560-3562,3564-3568,3570-3573,3575-3576,3582-3587,3589-3590,3593,3595,3611-3612,3615-3617,3620-3621,3624-3625,3627-3628,3630-3632,3637-3640,3651-3654,3656-3669,3673-3676,3678-3683,3686-3693,3695-3706,3708-3720,3722-3724,3726-3728,3730-3732,3734-3735,3738-3739,3741-3743,3750,3752-3754,3756-3758,3760-3762,3764,3766-3773,3775-3776,3778-3781,3784-3798,3824-3829,3831-3837,3839-3840,3842,3844-3846,3848-3851,3853-3856,3866-3880,3882-3884,3886,3893,3895-3897,3899-3904,3906-3907,3909-3910,3912,3914-3915,3917-3918,3920-3921,3923-3927,3929-3930,3934,3937-3939,3941-3945,3947-3948,3951,3954-3956,3958,3960-3961,3964-3971,3974,3976,3984-3988,3993-3996,3998-4000,4002-4003,4005-4009,4011-4012,4019-4022,4024-4026,4028-4032,4034-4041,4043,4046-4048,4050-4060,4062-4065,4067-4068,4071-4072,4085-4087,4091-4095,4097-4098,4100,4110-4131,4136,4138,4141,4144,4147,4179-4189,4191-4193,4195-4215,4384-4387,4397-4398,4433-4434,4468-4469,4472-4473,4486-4487,4502-4503,4507-4508,4518,4543,4548-4550,4568-4569,4575-4578,4580-4582,4584-4586,4588-4590,4592-4594,4596-4598,4600-4602,4604-4605,4633-4634,4644-4647,4649-4651,4653-4655,4657-4659,4661-4663,4665-4666,4694-4695,4704-4705,4709-4710,4714-4715,4728-4730,4732,4739,4741,4784-4785,4787-4788,4792-4793,4800-4801,4810-4811,4832,4834,4839,4842,4844,4846,4877-4878,4929,4949,4951,4954-4955,4968,4970,4975,4977,4991-4992,5003,5035-5036,5042-5043,5046-5047,5050-5053,5056-5058,5061-5063,5067-5068,5072-5073,5077-5078,5081-5082,5173-5177,5200-5202,5217,5219-5225,5227-5230,5244-5245,5267-5270,5285-5292,5294-5297,5300-5305,5307-5310,5312,5314-5316,5318,5320,5380-5386,5388-5390,5400-5409,5412-5421,5423-5426,5429-5433,5436-5437,5439-5440,5442-5444,5474,5487,5638-5639,5672,5675,5686,5755,5762,5789,5834-5843,5845-5852,5854-5856,5897,5914,5934-5939,5942,5946-5947,5949-5953,5955,5962-5972,5974-5984,5986,5989-5990,5993,5996-6000,6002,6004-6012,6015-6019,6022,6024-6033,6035-6041,6043-6044,6046-6050,6053-6056,6058-6062,6064-6081,6083,6085-6086
src/ast/rewriter/seq_rewriter.h               37      31    83%   31-33,35-36,295
src/ast/rewriter/seq_skolem.cpp              166     115    69%   92-94,96-98,105-106,109-111,132-140,143,145,147-151,162-173,199,209,214-221,223-224
src/ast/rewriter/seq_skolem.h                 68      47    69%   66-68,72-74,79,86-87,104,114-117,124-125,127-128,132,162-163
src/ast/rewriter/th_rewriter.cpp             692     549    79%   116,133-134,136,181,197,205,210,236-238,240-241,243-244,247-252,256-259,262-265,268,289,293-296,298,305,315,321,325,342,355,358-361,363,366,388,390-394,396,415-420,422-427,429,568,573-584,608-609,612-615,618-619,654-655,691,701-709,735-737,748-759,799-800,866,932-933,964-966,998,1000-1001,1009-1010,1012-1013,1021-1023,1025-1026,1029-1030,1044-1046,1053-1054
src/ast/rewriter/th_rewriter.h                 2       0     0%   54-55
src/ast/rewriter/value_sweep.cpp             125       0     0%   18-30,32-35,37-42,44-47,49-55,57-60,62-64,66-76,78-79,81-89,91-94,96-97,99-119,121-132,134-138,141,143,146-153,155-157,159-163
src/ast/rewriter/value_sweep.h                 1       0     0%   67
src/ast/rewriter/var_subst.cpp               205     193    94%   184-185,265-266,271-275,277-279
src/ast/rewriter/var_subst.h                  17      13    76%   39,54,56,92
src/ast/scoped_proof.h                        10      10   100%
src/ast/seq_decl_plugin.cpp                 1328     805    60%   33,73-74,85-89,96-97,99-109,118-122,131-144,146-147,149-153,162,287,305,308,311,316,319,326,328-329,356-365,367-376,382,435,438,441-444,453,473,481,486,491,495,503,507,516-517,521,524,534,537,539,567-568,571,597,622,632,638-639,755-764,800-801,824-825,899,901,903-904,927-931,933-934,948,950-952,954-957,963,965-969,971-973,975-977,979-981,984-985,987-996,998,1000-1001,1014,1054,1071,1077,1085,1104,1108,1112,1131,1133-1145,1154-1157,1165-1168,1189-1191,1194-1196,1211-1212,1240-1247,1249-1251,1253-1259,1261-1263,1282-1283,1285-1303,1305-1308,1310-1314,1316-1317,1319-1321,1323,1325-1329,1331,1333-1335,1340-1346,1352,1354,1360,1362,1364-1379,1386-1387,1389-1396,1398-1405,1407-1409,1414-1421,1423,1425-1433,1435-1436,1438-1460,1462-1464,1466-1471,1473-1475,1477-1482,1484-1486,1488-1491,1493-1495,1497-1502,1504-1505,1507-1510,1512,1514-1533,1535-1537,1539-1575,1578-1580,1582-1583,1589-1593,1598-1602,1642,1669-1670,1695,1710-1712,1725-1732,1734-1735,1741-1745,1758,1761,1764,1782,1788,1791,1802,1819-1824,1827,1830-1831,1844,1847,1855,1865
[...]
src/util/hwf.h                                21       0     0%   30,32-34,38,62-65,67,70,90,93,116,119,122-123,126-127,130-131
src/util/id_gen.h                             30      17    56%   45,54-57,59-61,74-78
src/util/id_var_list.h                        98      88    89%   72,92-93,117,133-135,147-148,150
src/util/inf_eps_rational.h                  174     113    64%   50-56,58,60-61,63-68,73-76,156-159,174-176,189-191,280-283,292,294,297,299,304-307,310-313,379,384,406-410,416,419-425
src/util/inf_int_rational.cpp                 30      19    63%   26-28,30,32-35,37,39-40
src/util/inf_int_rational.h                   81      70    86%   38-39,90-91,102,342,350,358,360-362
src/util/inf_rational.cpp                    115      19    16%   25,27-29,31-38,40,42-44,46-53,80,82-83,85-90,92,94-95,97,99-100,102-107,109,111,113,115,117-127,129-135,137,139-140,142,144-159,162,164-165,167,169,171,174,176,178
src/util/inf_rational.h                      217     191    88%   55-59,61,63-65,147,152,247-250,363-364,367-368,375-376,379-380,397,401,450
src/util/inf_s_integer.cpp                     3       3   100%
src/util/inf_s_integer.h                      53       1     1%   32-33,47,51-53,55,62-67,87-90,92-95,146-147,158-161,176-179,181-182,247-253,255,257,262-263,274-275,286-287,318-321
src/util/lbool.cpp                            12       5    41%   25,29-33,35
src/util/lbool.h                               4       4   100%
src/util/lim_vector.h                          9       0     0%   25-27,29-34
src/util/list.h                               30      22    73%   35-36,43-45,47,51-52
src/util/luby.cpp                              9       0     0%   21-24,26-27,29-30,32
src/util/map.h                                99      90    90%   24,85-86,111,115,119,285,287,289
src/util/max_cliques.h                       112     106    94%   48-49,184-186,211
src/util/memory_manager.cpp                  152     113    74%   53-54,75-76,78-80,83,85,87-89,135-136,175,192,200,209-214,216-221,265,267,271-272,274-275,305-306,338-339
src/util/memory_manager.h                     26      26   100%
src/util/min_cut.cpp                         136       0     0%   21,23-25,27-30,32-36,38-40,43-44,47,49,51-52,54,56-57,60-64,67-70,75-76,80-81,83-85,87,89-90,93-94,99-100,103,105-107,111-113,115-117,119,122,124-127,130-131,133,135-142,144,147-149,152-155,158-163,165-168,170,172-175,177,180-183,185,187,189-190,192-195,197-198,200-203,205,207,209-211,213-216,218-219,221-225,227,230,232
src/util/min_cut.h                             1       0     0%   46
src/util/mpbq.cpp                            672     494    73%   61,86-92,209-211,270-272,290-293,333,369-374,376-381,400,402-409,411-414,416-423,425,462-483,486-497,499-500,502-507,509-516,626-627,637-640,726-727,746,834-836,838-839,841-851,853-855,857,860,862-863,865,867-878,880-883,885-886,888-889,891-901,903-904,906,908-914,916
src/util/mpbq.h                               62      58    93%   140,159,356-357
src/util/mpbqi.h                              12      12   100%
src/util/mpf.cpp                            1473    1053    71%   39-42,103-107,129,131,140,165,167,174,176,189-190,192-193,197-198,200-205,207-210,212,214-215,217-218,220-221,223-224,290,296,298-302,304,309,330,332,364-366,368-371,378-381,387-388,395-396,422,429-430,449,451,456-458,465-467,485-486,488-489,491,495,500-502,504,530,553,559,565,590,594-595,597-598,600-601,603-604,606-607,609-610,612-613,615-616,618-619,648,669-670,672-673,676,681-682,684-685,687-688,690-691,694,731,750-753,755-756,758-761,763-764,766-769,771-772,774-777,779-780,782-783,787,942,950-952,956-957,959-960,962,964-965,967-968,971-977,979-980,982,985-987,989,992-995,997-999,1002,1010,1012,1014,1054,1056,1060-1062,1064-1068,1070-1071,1073-1081,1083,1142-1144,1146-1148,1169,1171,1173-1177,1179-1180,1192,1213-1214,1238-1243,1386,1395,1427-1430,1432,1449,1451,1491,1493,1495-1496,1498,1500,1507,1509,1511-1512,1514,1516,1525,1528,1530,1539,1574-1578,1580-1584,1592-1603,1605-1608,1610-1621,1623-1631,1633-1634,1636-1639,1641-1650,1652,1654,1656,1658-1659,1661,1664-1670,1672-1688,1690-1691,1719,1748,1793-1795,1797-1800,1803,1805-1813,1815-1817,1888-1894,2050-2051,2098-2099,2101-2107,2109,2112,2114-2119,2121,2123-2124,2126,2128-2129,2131-2138
src/util/mpf.h                                84      81    96%   67,116,307
src/util/mpff.cpp                           1062       0     0%   36-44,46-48,50-52,54-57,59-64,70,72-78,80-89,91-100,102-110,112-118,120-126,128-135,137,139-140,143,145,147-156,158-165,167-172,174-175,178-181,183,186,190-199,201,205-216,218-221,223-226,228,231-232,234-237,239-247,249-250,252-255,257-260,262,265-267,269,271,273-275,277-288,290-292,294-300,302-308,310-313,315-325,328-337,339-343,345-356,358-359,361-363,365-366,369,371-373,375-377,380-382,386,388-389,391-396,398-400,403-405,408-422,424-429,432-434,437-441,444-446,449-454,457-461,464-466,469-473,475,477-484,486-488,491,493-498,500-513,515-517,520-521,524-525,528,531-535,537-542,544-550,552-556,558-564,566-570,572-581,583,585-586,588-597,599,601-602,604-609,611-612,614-615,617,619,621-624,626-627,629-630,632,635,637-642,645-647,650,654,660-669,671-678,681,686-690,694-696,698-699,703-705,707-713,715-719,721-728,730-731,733,735-738,740,743-748,750-751,753-763,765-766,769-771,773-777,779-783,785-789,791-793,795-797,799-800,802-804,807,814-815,819-826,828-829,831-837,839-844,847-848,850-852,854,856-864,871-875,879-884,886-888,891-897,900-907,909-910,913-916,918-919,921-925,927-928,930-931,933-942,944,946,949-950,953-955,957-961,963-964,966-967,969-978,980,982,985-986,989-991,993,995-996,999-1019,1021,1023-1027,1029-1042,1044-1052,1054,1056-1059,1061-1068,1070-1072,1076-1078,1080-1082,1085-1087,1091-1100,1102-1108,1110-1112,1114-1116,1119-1121,1125-1133,1135-1138,1140,1142-1143,1145-1146,1148,1150-1152,1154-1155,1157-1159,1161-1163,1166-1168,1171-1178,1180-1181,1183-1195,1197-1198,1200-1210,1212-1216,1218-1225,1227-1231,1233-1234,1236,1238-1241,1243-1258,1260-1283,1285-1294,1296-1304,1306-1317,1319-1327,1330-1331,1333-1345,1347-1348,1350-1352,1354-1357,1359-1361,1363-1370,1372-1376,1378-1382,1384-1388,1390,1392,1395-1403,1405,1407,1409,1411,1413,1415-1416
src/util/mpff.h                               52       0     0%   41-45,47-51,125,127-130,134-137,155-157,159-160,181,185,189,193,199-201,214,242,247,252,257,262,272,277,312,317,319,334,339,358-359,373,375-377,401,407
src/util/mpfx.cpp                            683       0     0%   29-44,46-48,50-53,55-61,63-70,74-82,84-89,91-97,99-101,104-115,118,120,122-132,134-137,139-142,144,147-149,151-154,156-161,163-166,168-176,178-181,183,186-189,191-195,197-199,201-212,214,217-220,222-228,230-236,238-241,243-250,253-256,258-267,269-270,272-274,277-279,283-286,288-296,298,300-309,311-313,316-318,321-334,336-337,339-344,346-350,352-353,356-357,360-365,368-370,373,375,377-380,382-383,386-391,394-399,401-404,406,408-410,412-416,418-422,424-428,430-433,435-439,441-442,444-446,448-450,452-458,460-464,466-475,477-478,480-490,492-497,499-506,508-512,514-516,518-519,522-524,526-542,544-549,551-555,557-561,563-576,578-579,581-585,587-600,602-603,605-609,611,613-614,617-637,639,641-649,651-655,658-673,675,678,680,682,685-693,696,698,700-706,710-716,718-720,723-725,729-730,732-733,735-736,738,740-742,744-746,749-751,754-763,765,767-776,778-780,783-786,788-789,791-796,798-806,808,810-824,826-843,845-852,854-855,857-861,863-864,867-870,873-877
src/util/mpfx.h                               42       0     0%   36-39,41-44,93,96-99,103-106,128,132,136,140,146-148,169,174,179,189,199,204,224,229,231,246,251,270-271,307-309,339,345
src/util/mpn.cpp                             234     217    92%   148-152,230,260-261,269-271,374,376-380
src/util/mpq.cpp                             313     266    85%   98-99,101-102,104-106,108,110-116,223-240,242-243,245,249,257-263,265-266,271
src/util/mpq.h                               535     396    74%   79-84,112-113,213,220,251-252,316-317,320-321,325-334,337-340,343-344,347,350-359,362-365,368-369,372,376-382,385-388,391-392,395,398-404,407-410,413-414,417,475-484,494-498,513-516,518-522,530-533,543-546,556-559,588,598,641,643-647,701-705,743-745,747-750,771-773,805,835
src/util/mpq_inf.cpp                          16       0     0%   22-24,26-29,31-39
src/util/mpq_inf.h                           174      46    26%   48,55-58,65-68,70-75,77,79-82,84,86-87,94,96,98,100-105,107-108,114-115,118-119,122-128,130-132,138-139,142-149,151-154,158-159,162-169,171-174,178,180,182,184,186,198-201,203-206,213-216,223-226,228-230,232-234,241-245,247-248,250-251,253-254,256,258,260-263,265-266,268,270,274-276,278
src/util/mpz.cpp                            1334    1203    90%   75-78,84-85,88-89,114-127,455,457,575,604-608,610,612-613,1149,1162,1164-1165,1222-1223,1391-1397,1400-1414,1416,1423,1451-1453,1603,1687-1691,1695-1700,1743,1749,1771-1772,1816-1819,1821-1827,1829-1833,1835,1936,1978,1988-1993,2186,2234,2267,2350,2448-2450,2495,2503-2508,2511-2512,2517-2522,2538,2555
src/util/mpz.h                               173     155    89%   193,284,403-404,482-484,487,489,526-528,575-578,600,602
src/util/mpzzp.h                             164     158    96%   140,143,168-169,268-269
src/util/nat_set.h                            32      27    84%   33-34,69-71
src/util/numeral_buffer.h                     26      17    65%   40,42,54-55,66-67,80-82
src/util/obj_hashtable.h                      90      87    96%   135,147,179
src/util/obj_mark.h                           16      16   100%
src/util/obj_pair_hashtable.h                 72      67    93%   86-88,130-131
src/util/obj_pair_set.h                        5       5   100%
src/util/obj_ref.h                            72      70    97%   128-129
src/util/obj_ref_hashtable.h                  12      12   100%
src/util/obj_triple_hashtable.h               66      53    80%   37,39,42-46,109,167-168,171-173
src/util/object_allocator.h                  108     108   100%
src/util/optional.h                           57      41    71%   49-50,81-83,97-99,102-109
src/util/page.cpp                             33      28    84%   54-57,66
src/util/page.h                                7       7   100%
src/util/params.cpp                          634     405    63%   33,38,47,99,102-110,117-121,123,125-126,130-135,141,148,160,163-166,168-172,174-187,189-195,197-204,207-219,249-250,257-258,265-266,301-302,305-306,309-310,325-327,354-362,364,396-401,403-408,446-450,452-453,455-456,458-459,461-462,464-465,467-468,470-471,474-475,481-484,486-487,489-490,492-493,495-496,498-499,501-502,504-505,507-508,521-522,524-525,527-528,530-531,536-537,540,553-555,557-558,567-569,575,605,627-628,649,651,653,655,709,717-720,722-725,747-750,757-760,831-833,855-857,859-861,873-875,881-883,889-891,897-899,915,928,1076-1078
src/util/params.h                              7       4    57%   107-109
src/util/parray.h                            451     415    92%   231-232,240,316,319,321-322,326,407-408,499,510-511,519,541,588-589,608-612,614-620,622-625,627-628,630
src/util/permutation.cpp                      54      52    96%   47,79
src/util/permutation.h                        27      27   100%
src/util/plugin_manager.h                     28      24    85%   62-63,66-67
src/util/pool.h                               13      13   100%
src/util/prime_generator.cpp                  93      85    91%   48,91,95-97,108-109,119
src/util/prime_generator.h                     1       0     0%   27
src/util/ptr_scoped_buffer.h                  21      15    71%   38-39,41,44-45,51
src/util/rational.cpp                        100      62    62%   88-92,108-109,111-114,116-120,122-131,136-137,164-173
src/util/rational.h                          401     320    79%   59,149-151,185-189,199,230-232,234-236,260-264,288-298,386-388,449,475-479,514,536-542,545-551,566,570,582,584-586,590,594,598,602,606,610,614,616-618,622,631,635,645,653,661,665,669,678
src/util/ref.h                                67      64    95%   51-53
src/util/ref_buffer.h                         80      63    78%   123-125,129,133-136,141-142,146-152
src/util/ref_pair_vector.h                    29      27    93%   189-190
src/util/ref_util.h                           36      34    94%   84-85
src/util/ref_vector.h                        195     191    97%   83-85,175
src/util/region.cpp                           22      19    86%   23-25
src/util/region.h                             15      13    86%   95,97
src/util/rlimit.cpp                           84      68    81%   54-55,72,91-98,100-101,164-166
src/util/rlimit.h                             26      24    92%   76,81
src/util/s_integer.cpp                        38       3     7%   26-27,30-39,41,44-60,62-63,67-69
src/util/s_integer.h                          40       1     2%   24,30-31,37-39,44,51,53,56,60,66-68,71-75,89-92,95,97,110,116-118,121,124-126,128-133
src/util/sat_literal.h                        69      51    73%   123-127,139,153-155,157-159,165,168-172
src/util/sat_sls.h                            10       0     0%   24,26-27,29-33,36-37
src/util/scoped_ctrl_c.cpp                    32      23    71%   29-34,36-37,43
src/util/scoped_limit_trail.h                 23      22    95%   17
src/util/scoped_numeral.h                     79      64    81%   32,44,121-122,133-134,153-154,175-177,181,185,189,193
src/util/scoped_numeral_buffer.h              16      16   100%
src/util/scoped_numeral_vector.h              39      33    84%   29-33,35
src/util/scoped_ptr_vector.h                  31      24    77%   54,68-69,72-75
src/util/scoped_timer.cpp                     66      65    98%   107
src/util/scoped_vector.h                      95      92    96%   181,185,188
src/util/sexpr.cpp                           183      82    44%   43-46,55-58,63-66,93-95,118-120,123-124,126,128-129,131-143,145-150,152,154-160,162-167,170-172,174,176-177,180-181,183-185,187-190,192-194,196-204,206-210,213,216-217,219,245-247,258-259,276-277,280-281
src/util/sexpr.h                              12       9    75%   44-45,49
src/util/sign.h                                4       4   100%
src/util/small_object_allocator.cpp          118      33    28%   47-49,59-65,67-71,103,149-156,158-159,162-168,170-171,176,191-196,198-201,203-227,229-231,233-235,237-240,242,244-246
src/util/small_object_allocator.h              3       1    33%   53,55
src/util/smt2_util.cpp                        46      35    76%   33,35,38-45,67
src/util/sorting_network.h                   965     227    23%   35-42,44-45,63-64,66-74,76-85,88-94,96-103,105-109,111,113-114,118-122,124-128,130-131,133-140,142,166-167,176-177,233,236,241,258,260,262-263,270,275,287,289,292-293,297,302-303,305-306,308,310,312-313,318-320,322-325,327,329,332,338-343,346,349,351,353-354,357,368-376,378-379,381-383,386-387,394-405,409-413,415-426,429-434,437-440,442-444,447-448,451-453,455-458,460-462,469-479,481-482,484-485,488,491,493,495-496,498,500-501,504-505,508-509,513-516,518-521,524-537,539-540,542-545,547-548,550-556,558,560-570,573,576,578-586,588-589,591,593-598,600,603-604,607-608,611-612,615-619,621-626,628-632,634,636-638,640-642,645-646,655-659,661-665,675-680,682-683,685,687,689,691,694,696-698,700,705-706,708-709,711,713-714,717-719,721,723-724,743-744,749-750,761,804-805,808-809,812-814,816-817,819-820,823,848-859,861-866,868-885,887,889-891,895-897,899-907,909-911,913-924,965-970,972-977,987-990,1006-1010,1014-1018,1020-1023,1025-1029,1031,1039-1040,1046-1052,1063-1064,1067,1079,1082,1084-1102,1104-1118,1126,1131-1132,1134-1135,1138,1141-1146,1148-1155,1157,1160,1162-1181,1188,1194-1196,1198,1200-1201,1203-1204,1206-1209,1211-1220,1222,1226,1231-1232,1235-1236,1239,1243-1246,1249-1252,1255,1259,1261-1263,1266-1269,1271-1292,1294-1300,1302-1304,1306,1308-1334,1340-1341,1355,1374,1379,1381-1424,1429,1434-1435,1453-1458,1475-1476
src/util/stack.cpp                            93      93   100%
src/util/stack.h                               4       4   100%
src/util/stacked_value.h                      31      23    74%   34-37,43-45,49
src/util/state_graph.cpp                     410     208    50%   94-95,315-316,318-319,331-338,340-349,351,353,363-365,367-371,373-374,381,383-394,399-402,404,406,408-409,412,416-418,423-470,472-480,482-484,486-530,532,537-560,562-569,571-572,574
src/util/state_graph.h                        11       7    63%   63-66
src/util/statistics.cpp                      137      79    57%   51,67,89,131-134,141-142,154-155,157-160,162-165,167-169,172-180,182,184,186,188-192,194-196,202-203,206-208,210-211,213-216,219-222,230
src/util/statistics.h                          1       0     0%   45
src/util/stopwatch.h                          41      39    95%   94-95
src/util/str_hashtable.h                       2       2   100%
src/util/string_buffer.h                      84      79    94%   65-66,85,120-121
src/util/symbol.cpp                          100      85    85%   158-161,164,166,174-179,181,198,200
src/util/symbol.h                             67      64    95%   74,103,119
src/util/symbol_table.h                       89      89   100%
src/util/tbv.cpp                             193     133    68%   27-29,37-39,97-107,109,145-146,158-164,167,201-203,226,228-230,232-235,237-240,242,244-245,250-251,257,259-265,286-287,289-290
src/util/tbv.h                                20      19    95%   62
src/util/timeit.cpp                           23      23   100%
src/util/timeit.h                              1       1   100%
src/util/timeout.cpp                          18       6    33%   35-42,48-51
src/util/timer.h                               7       5    71%   41-42
src/util/top_sort.h                           70      58    82%   56,109,115,117-124,130
src/util/total_order.h                       143     143   100%
src/util/trace.cpp                           140      52    37%   1-2,4-5,7-8,10-11,13-15,17-18,20-21,23-24,26-29,31-32,38,40-42,44,46,49-51,53-54,56,58-60,65,70,77,79-80,84-85,93,97,101,105-113,117-123,125,129-134,136-140,145,148-158
src/util/trace_tags.h                         37      37   100%
src/util/trail.h                             137     129    94%   34,106-109,188,193-194
src/util/uint_map.h                           13      13   100%
src/util/uint_set.h                          260     224    86%   31-33,213,279,289-295,297,299-301,303-307,357-364,370,377-379,382-384
src/util/union_find.h                        133      88    66%   28,116,139-145,160-165,168-183,196,211,221-223,225-226,236,240,246-250
src/util/util.cpp                            105      68    64%   47-50,52,54,56-58,85-111,151
src/util/util.h                              144     118    81%   165-169,171,173-175,178-181,286-288,334-336,401-405,435,447
src/util/var_queue.h                          33      32    97%   47
src/util/vector.h                            378     347    91%   49,87,178-181,211,225,251-257,567-570,624,658-661,681,695-699,701
src/util/visit_helper.h                       17      13    76%   31-34
src/util/warning.cpp                          43      32    74%   70-72,78-80,116-120
src/util/z3_exception.cpp                     35      13    37%   34-36,38-53,55,57-58
src/util/z3_exception.h                        3       2    66%   39
src/util/zstring.cpp                         213     166    77%   46,51,54,58-69,92,95,101-102,159,167-174,216-225,228-229,255,269-271,277-278,287
src/util/zstring.h                            31      21    67%   38-39,47,51,58,62,88-91
------------------------------------------------------------------------------
TOTAL                                     373164  176006    47%
------------------------------------------------------------------------------
